Started GET "/" for 127.0.0.1 at 2021-11-18 13:37:11 -0500
  [1m[35m (13.9ms)[0m  [1m[34mSELECT sqlite_version(*)[0m
  [1m[35m (1.0ms)[0m  [1m[35mCREATE TABLE "schema_migrations" ("version" varchar NOT NULL PRIMARY KEY)[0m
  [1m[35m (1.6ms)[0m  [1m[35mCREATE TABLE "ar_internal_metadata" ("key" varchar NOT NULL PRIMARY KEY, "value" varchar, "created_at" datetime(6) NOT NULL, "updated_at" datetime(6) NOT NULL)[0m
  [1m[35m (0.1ms)[0m  [1m[34mSELECT "schema_migrations"."version" FROM "schema_migrations" ORDER BY "schema_migrations"."version" ASC[0m
  
ActiveRecord::PendingMigrationError (

Migrations are pending. To resolve this issue, run:

        bin/rails db:migrate RAILS_ENV=development

You have 1 pending migration:

20211116135707_create_posts.rb


):
  
activerecord (6.1.4.1) lib/active_record/migration.rb:625:in `check_pending!'
activerecord (6.1.4.1) lib/active_record/migration.rb:590:in `block (2 levels) in call'
activesupport (6.1.4.1) lib/active_support/evented_file_update_checker.rb:59:in `execute'
activerecord (6.1.4.1) lib/active_record/migration.rb:595:in `block in call'
activerecord (6.1.4.1) lib/active_record/migration.rb:587:in `synchronize'
activerecord (6.1.4.1) lib/active_record/migration.rb:587:in `call'
actionpack (6.1.4.1) lib/action_dispatch/middleware/callbacks.rb:27:in `block in call'
activesupport (6.1.4.1) lib/active_support/callbacks.rb:98:in `run_callbacks'
actionpack (6.1.4.1) lib/action_dispatch/middleware/callbacks.rb:26:in `call'
actionpack (6.1.4.1) lib/action_dispatch/middleware/executor.rb:14:in `call'
actionpack (6.1.4.1) lib/action_dispatch/middleware/actionable_exceptions.rb:18:in `call'
actionpack (6.1.4.1) lib/action_dispatch/middleware/debug_exceptions.rb:29:in `call'
web-console (4.2.0) lib/web_console/middleware.rb:132:in `call_app'
web-console (4.2.0) lib/web_console/middleware.rb:28:in `block in call'
web-console (4.2.0) lib/web_console/middleware.rb:17:in `catch'
web-console (4.2.0) lib/web_console/middleware.rb:17:in `call'
actionpack (6.1.4.1) lib/action_dispatch/middleware/show_exceptions.rb:33:in `call'
railties (6.1.4.1) lib/rails/rack/logger.rb:37:in `call_app'
railties (6.1.4.1) lib/rails/rack/logger.rb:26:in `block in call'
activesupport (6.1.4.1) lib/active_support/tagged_logging.rb:99:in `block in tagged'
activesupport (6.1.4.1) lib/active_support/tagged_logging.rb:37:in `tagged'
activesupport (6.1.4.1) lib/active_support/tagged_logging.rb:99:in `tagged'
railties (6.1.4.1) lib/rails/rack/logger.rb:26:in `call'
sprockets-rails (3.4.0) lib/sprockets/rails/quiet_assets.rb:13:in `call'
actionpack (6.1.4.1) lib/action_dispatch/middleware/remote_ip.rb:81:in `call'
actionpack (6.1.4.1) lib/action_dispatch/middleware/request_id.rb:26:in `call'
rack (2.2.3) lib/rack/method_override.rb:24:in `call'
rack (2.2.3) lib/rack/runtime.rb:22:in `call'
actionpack (6.1.4.1) lib/action_dispatch/middleware/executor.rb:14:in `call'
actionpack (6.1.4.1) lib/action_dispatch/middleware/static.rb:24:in `call'
rack (2.2.3) lib/rack/sendfile.rb:110:in `call'
actionpack (6.1.4.1) lib/action_dispatch/middleware/host_authorization.rb:98:in `call'
rack-mini-profiler (2.3.3) lib/mini_profiler/profiler.rb:393:in `call'
webpacker (5.4.3) lib/webpacker/dev_server_proxy.rb:25:in `perform_request'
rack-proxy (0.7.0) lib/rack/proxy.rb:63:in `call'
railties (6.1.4.1) lib/rails/engine.rb:539:in `call'
puma (5.5.2) lib/puma/configuration.rb:249:in `call'
puma (5.5.2) lib/puma/request.rb:77:in `block in handle_request'
puma (5.5.2) lib/puma/thread_pool.rb:340:in `with_force_shutdown'
puma (5.5.2) lib/puma/request.rb:76:in `handle_request'
puma (5.5.2) lib/puma/server.rb:447:in `process_client'
puma (5.5.2) lib/puma/thread_pool.rb:147:in `block in spawn_thread'
  [1m[35m (0.5ms)[0m  [1m[34mSELECT sqlite_version(*)[0m
  [1m[35m (0.1ms)[0m  [1m[34mSELECT "schema_migrations"."version" FROM "schema_migrations" ORDER BY "schema_migrations"."version" ASC[0m
Migrating to CreatePosts (20211116135707)
  [1m[36mTRANSACTION (0.1ms)[0m  [1m[36mbegin transaction[0m
  [1m[35m (0.5ms)[0m  [1m[35mCREATE TABLE "posts" ("id" integer PRIMARY KEY AUTOINCREMENT NOT NULL, "username" varchar DEFAULT 'pitosalas' NOT NULL, "body" varchar NOT NULL, "likes_count" integer DEFAULT 0 NOT NULL, "reposts_count" integer DEFAULT 0 NOT NULL, "created_at" datetime(6) NOT NULL, "updated_at" datetime(6) NOT NULL)[0m
  [1m[36mActiveRecord::SchemaMigration Create (0.3ms)[0m  [1m[32mINSERT INTO "schema_migrations" ("version") VALUES (?)[0m  [["version", "20211116135707"]]
  [1m[36mTRANSACTION (1.0ms)[0m  [1m[36mcommit transaction[0m
  [1m[36mActiveRecord::InternalMetadata Load (0.2ms)[0m  [1m[34mSELECT "ar_internal_metadata".* FROM "ar_internal_metadata" WHERE "ar_internal_metadata"."key" = ? LIMIT ?[0m  [["key", "environment"], ["LIMIT", 1]]
  [1m[36mTRANSACTION (0.1ms)[0m  [1m[36mbegin transaction[0m
  [1m[36mActiveRecord::InternalMetadata Create (0.3ms)[0m  [1m[32mINSERT INTO "ar_internal_metadata" ("key", "value", "created_at", "updated_at") VALUES (?, ?, ?, ?)[0m  [["key", "environment"], ["value", "development"], ["created_at", "2021-11-18 18:37:19.857599"], ["updated_at", "2021-11-18 18:37:19.857599"]]
  [1m[36mTRANSACTION (0.5ms)[0m  [1m[36mcommit transaction[0m
  [1m[35m (0.0ms)[0m  [1m[34mSELECT sqlite_version(*)[0m
  [1m[35m (0.1ms)[0m  [1m[34mSELECT "schema_migrations"."version" FROM "schema_migrations" ORDER BY "schema_migrations"."version" ASC[0m
Started GET "/" for 127.0.0.1 at 2021-11-18 13:37:23 -0500
  [1m[35m (6.7ms)[0m  [1m[34mSELECT sqlite_version(*)[0m
  [1m[35m (0.1ms)[0m  [1m[34mSELECT "schema_migrations"."version" FROM "schema_migrations" ORDER BY "schema_migrations"."version" ASC[0m
Processing by PostsController#index as HTML
  Rendering layout layouts/application.html.erb
  Rendering posts/index.html.erb within layouts/application
  Rendered posts/_form.html.erb (Duration: 13.3ms | Allocations: 4135)
  [1m[36mPost Load (0.2ms)[0m  [1m[34mSELECT "posts".* FROM "posts" ORDER BY "posts"."created_at" DESC[0m
  ↳ app/views/posts/index.html.erb:6
  Rendered collection of posts/_post.html.erb [0 times] (Duration: 0.1ms | Allocations: 39)
  Rendered posts/index.html.erb within layouts/application (Duration: 20.5ms | Allocations: 6038)
[Webpacker] Compiling...
[Webpacker] Compilation failed:
yarn run v1.22.11
info Visit https://yarnpkg.com/en/docs/cli/run for documentation about this command.


error Command "webpack" not found.

  Rendered layout layouts/application.html.erb (Duration: 1000.5ms | Allocations: 25428)
Completed 500 Internal Server Error in 1022ms (ActiveRecord: 0.6ms | Allocations: 34020)


  
ActionView::Template::Error (Webpacker can't find application.js in /Users/pitosalas/mydev/public_samples/rails/chatter/public/packs/manifest.json. Possible causes:
1. You want to set webpacker.yml value of compile to true for your environment
   unless you are using the `webpack -w` or the webpack-dev-server.
2. webpack has not yet re-run to reflect updates.
3. You have misconfigured Webpacker's config/webpacker.yml file.
4. Your webpack configuration is not creating a manifest.
Your manifest contains:
{
}
):
     8:     <%= stylesheet_link_tag 'application', media: 'all', 'data-turbolinks-track': 'reload' %>
     9:     <!-- Bootstrap CSS -->
    10:     <link href="https://cdn.jsdelivr.net/npm/bootstrap@5.1.3/dist/css/bootstrap.min.css" rel="stylesheet" integrity="sha384-1BmE4kWBq78iYhFldvKuhfTAU6auU8tT94WrHftjDbrCEXSU1oBoqyl2QvZ6jIW3" crossorigin="anonymous">
    11:     <%= javascript_pack_tag 'application', 'data-turbolinks-track': 'reload' %>
    12:   </head>
    13:   <body>
    14:     <%= yield %>
  
app/views/layouts/application.html.erb:11
Started GET "/" for 127.0.0.1 at 2021-11-18 13:38:14 -0500
  [1m[35m (0.8ms)[0m  [1m[34mSELECT sqlite_version(*)[0m
  [1m[35m (0.1ms)[0m  [1m[34mSELECT "schema_migrations"."version" FROM "schema_migrations" ORDER BY "schema_migrations"."version" ASC[0m
Processing by PostsController#index as HTML
  Rendering layout layouts/application.html.erb
  Rendering posts/index.html.erb within layouts/application
  Rendered posts/_form.html.erb (Duration: 8.2ms | Allocations: 2297)
  [1m[36mPost Load (0.3ms)[0m  [1m[34mSELECT "posts".* FROM "posts" ORDER BY "posts"."created_at" DESC[0m
  ↳ app/views/posts/index.html.erb:6
  Rendered collection of posts/_post.html.erb [0 times] (Duration: 0.1ms | Allocations: 39)
  Rendered posts/index.html.erb within layouts/application (Duration: 15.6ms | Allocations: 4200)
[Webpacker] Compiling...
[Webpacker] Compiled all packs in /Users/pitosalas/mydev/public_samples/rails/chatter/public/packs
[Webpacker] Hash: b67fbf135a45bd95e1f1
Version: webpack 4.46.0
Time: 2834ms
Built at: 11/18/2021 1:38:18 PM
                                     Asset       Size       Chunks                         Chunk Names
    js/application-2421dc2f2048257f9c68.js    482 KiB  application  [emitted] [immutable]  application
js/application-2421dc2f2048257f9c68.js.map    482 KiB  application  [emitted] [dev]        application
                             manifest.json  364 bytes               [emitted]              
Entrypoint application = js/application-2421dc2f2048257f9c68.js js/application-2421dc2f2048257f9c68.js.map
[./app/javascript/channels sync recursive _channel\.js$] ./app/javascript/channels sync _channel\.js$ 186 bytes {application} [built]
[./app/javascript/channels/consumer.js] 269 bytes {application} [built]
[./app/javascript/channels/index.js] 211 bytes {application} [built]
[./app/javascript/channels/timeline_channel.js] 581 bytes {application} [optional] [built]
[./app/javascript/controllers sync recursive _controller\.js$] ./app/javascript/controllers sync _controller\.js$ 246 bytes {application} [built]
[./app/javascript/controllers/application_controller.js] 4.89 KiB {application} [built]
[./app/javascript/controllers/example_controller.js] 6.2 KiB {application} [optional] [built]
[./app/javascript/controllers/hello_controller.js] 3.38 KiB {application} [optional] [built]
[./app/javascript/controllers/index.js] 724 bytes {application} [built]
[./app/javascript/packs/application.js] 514 bytes {application} [built]
[./node_modules/webpack/buildin/module.js] (webpack)/buildin/module.js 552 bytes {application} [built]
    + 36 hidden modules

  Rendered layout layouts/application.html.erb (Duration: 4454.4ms | Allocations: 12060)
Completed 200 OK in 4479ms (Views: 4458.8ms | ActiveRecord: 0.8ms | Allocations: 20315)


Started GET "/cable" for 127.0.0.1 at 2021-11-18 13:38:18 -0500
Started GET "/cable/" [WebSocket] for 127.0.0.1 at 2021-11-18 13:38:19 -0500
Successfully upgraded to WebSocket (REQUEST_METHOD: GET, HTTP_CONNECTION: Upgrade, HTTP_UPGRADE: websocket)
Registered connection (5f71647e654adca2e961e844df97802c)
TimelineChannel is transmitting the subscription confirmation
TimelineChannel is streaming from timeline
Started GET "/" for 127.0.0.1 at 2021-11-18 13:38:25 -0500
Processing by PostsController#index as HTML
  Rendering layout layouts/application.html.erb
  Rendering posts/index.html.erb within layouts/application
  Rendered posts/_form.html.erb (Duration: 1.2ms | Allocations: 483)
  [1m[36mPost Load (0.3ms)[0m  [1m[34mSELECT "posts".* FROM "posts" ORDER BY "posts"."created_at" DESC[0m
  ↳ app/views/posts/index.html.erb:6
  Rendered collection of posts/_post.html.erb [0 times] (Duration: 0.1ms | Allocations: 16)
  Rendered posts/index.html.erb within layouts/application (Duration: 4.5ms | Allocations: 1466)
[Webpacker] Everything's up-to-date. Nothing to do
  Rendered layout layouts/application.html.erb (Duration: 13.5ms | Allocations: 5104)
Completed 200 OK in 15ms (Views: 13.9ms | ActiveRecord: 0.3ms | Allocations: 5654)


Started GET "/cable" for 127.0.0.1 at 2021-11-18 13:38:25 -0500
Started GET "/cable/" [WebSocket] for 127.0.0.1 at 2021-11-18 13:38:25 -0500
Successfully upgraded to WebSocket (REQUEST_METHOD: GET, HTTP_CONNECTION: Upgrade, HTTP_UPGRADE: websocket)
Registered connection (5f71647e654adca2e961e844df97802c)
TimelineChannel is transmitting the subscription confirmation
TimelineChannel is streaming from timeline
Finished "/cable/" [WebSocket] for 127.0.0.1 at 2021-11-18 13:38:27 -0500
TimelineChannel stopped streaming from timeline
Started GET "/" for 127.0.0.1 at 2021-11-18 13:38:28 -0500
Processing by PostsController#index as HTML
  Rendering layout layouts/application.html.erb
  Rendering posts/index.html.erb within layouts/application
  Rendered posts/_form.html.erb (Duration: 1.1ms | Allocations: 389)
  [1m[36mPost Load (0.1ms)[0m  [1m[34mSELECT "posts".* FROM "posts" ORDER BY "posts"."created_at" DESC[0m
  ↳ app/views/posts/index.html.erb:6
  Rendered collection of posts/_post.html.erb [0 times] (Duration: 0.0ms | Allocations: 11)
  Rendered posts/index.html.erb within layouts/application (Duration: 3.2ms | Allocations: 1272)
[Webpacker] Everything's up-to-date. Nothing to do
  Rendered layout layouts/application.html.erb (Duration: 9.1ms | Allocations: 4785)
Completed 200 OK in 10ms (Views: 9.6ms | ActiveRecord: 0.1ms | Allocations: 5207)


Started GET "/cable" for 127.0.0.1 at 2021-11-18 13:38:28 -0500
Started GET "/cable/" [WebSocket] for 127.0.0.1 at 2021-11-18 13:38:28 -0500
Successfully upgraded to WebSocket (REQUEST_METHOD: GET, HTTP_CONNECTION: Upgrade, HTTP_UPGRADE: websocket)
Registered connection (5f71647e654adca2e961e844df97802c)
TimelineChannel is transmitting the subscription confirmation
TimelineChannel is streaming from timeline
Started POST "/posts" for 127.0.0.1 at 2021-11-18 13:38:38 -0500
Processing by PostsController#create as HTML
  Parameters: {"authenticity_token"=>"[FILTERED]", "post"=>{"body"=>"Test!"}, "commit"=>"Create Post"}
  [1m[36mTRANSACTION (0.1ms)[0m  [1m[36mbegin transaction[0m
  ↳ app/controllers/posts_controller.rb:12:in `create'
  [1m[36mPost Create (0.9ms)[0m  [1m[32mINSERT INTO "posts" ("body", "created_at", "updated_at") VALUES (?, ?, ?)[0m  [["body", "Test!"], ["created_at", "2021-11-18 18:38:38.229660"], ["updated_at", "2021-11-18 18:38:38.229660"]]
  ↳ app/controllers/posts_controller.rb:12:in `create'
  [1m[36mTRANSACTION (1.3ms)[0m  [1m[36mcommit transaction[0m
  ↳ app/controllers/posts_controller.rb:12:in `create'
[ActionCable] Broadcasting to timeline: {"cableReady"=>true, "operations"=>{"consoleLog"=>[{"message"=>"***** cable ready post created"}]}}
Redirected to http://0.0.0.0:3001/posts
Completed 302 Found in 14ms (ActiveRecord: 2.2ms | Allocations: 4641)


TimelineChannel transmitting {"cableReady"=>true, "operations"=>{"consoleLog"=>[{"message"=>"***** cable ready post created"}]}} (via streamed from timeline)
TimelineChannel transmitting {"cableReady"=>true, "operations"=>{"consoleLog"=>[{"message"=>"***** cable ready post created"}]}} (via streamed from timeline)
Started GET "/posts" for 127.0.0.1 at 2021-11-18 13:38:38 -0500
Processing by PostsController#index as HTML
  Rendering layout layouts/application.html.erb
  Rendering posts/index.html.erb within layouts/application
  Rendered posts/_form.html.erb (Duration: 0.9ms | Allocations: 389)
  [1m[36mPost Load (0.2ms)[0m  [1m[34mSELECT "posts".* FROM "posts" ORDER BY "posts"."created_at" DESC[0m
  ↳ app/views/posts/index.html.erb:6
  Rendered collection of posts/_post.html.erb [1 times] (Duration: 1.6ms | Allocations: 390)
  Rendered posts/index.html.erb within layouts/application (Duration: 5.7ms | Allocations: 1687)
[Webpacker] Everything's up-to-date. Nothing to do
  Rendered layout layouts/application.html.erb (Duration: 10.5ms | Allocations: 5198)
Completed 200 OK in 12ms (Views: 10.8ms | ActiveRecord: 0.2ms | Allocations: 5610)


Finished "/cable/" [WebSocket] for 127.0.0.1 at 2021-11-18 13:38:38 -0500
TimelineChannel stopped streaming from timeline
Started GET "/cable" for 127.0.0.1 at 2021-11-18 13:38:38 -0500
Started GET "/cable/" [WebSocket] for 127.0.0.1 at 2021-11-18 13:38:38 -0500
Successfully upgraded to WebSocket (REQUEST_METHOD: GET, HTTP_CONNECTION: Upgrade, HTTP_UPGRADE: websocket)
Registered connection (5f71647e654adca2e961e844df97802c)
TimelineChannel is transmitting the subscription confirmation
TimelineChannel is streaming from timeline
Started GET "/" for 127.0.0.1 at 2021-11-18 13:39:09 -0500
Processing by PostsController#index as HTML
  Rendering layout layouts/application.html.erb
  Rendering posts/index.html.erb within layouts/application
  Rendered posts/_form.html.erb (Duration: 0.7ms | Allocations: 389)
  [1m[36mPost Load (0.1ms)[0m  [1m[34mSELECT "posts".* FROM "posts" ORDER BY "posts"."created_at" DESC[0m
  ↳ app/views/posts/index.html.erb:6
  Rendered collection of posts/_post.html.erb [1 times] (Duration: 0.3ms | Allocations: 113)
  Rendered posts/index.html.erb within layouts/application (Duration: 2.9ms | Allocations: 1389)
[Webpacker] Everything's up-to-date. Nothing to do
  Rendered layout layouts/application.html.erb (Duration: 8.7ms | Allocations: 4902)
Completed 200 OK in 10ms (Views: 9.0ms | ActiveRecord: 0.1ms | Allocations: 5324)


Finished "/cable/" [WebSocket] for 127.0.0.1 at 2021-11-18 13:39:09 -0500
TimelineChannel stopped streaming from timeline
Started GET "/cable" for 127.0.0.1 at 2021-11-18 13:39:09 -0500
Started GET "/cable/" [WebSocket] for 127.0.0.1 at 2021-11-18 13:39:09 -0500
Successfully upgraded to WebSocket (REQUEST_METHOD: GET, HTTP_CONNECTION: Upgrade, HTTP_UPGRADE: websocket)
Registered connection (5f71647e654adca2e961e844df97802c)
TimelineChannel is transmitting the subscription confirmation
TimelineChannel is streaming from timeline
Started GET "/" for 127.0.0.1 at 2021-11-18 13:39:11 -0500
Processing by PostsController#index as HTML
  Rendering layout layouts/application.html.erb
  Rendering posts/index.html.erb within layouts/application
  Rendered posts/_form.html.erb (Duration: 1.6ms | Allocations: 389)
  [1m[36mPost Load (0.2ms)[0m  [1m[34mSELECT "posts".* FROM "posts" ORDER BY "posts"."created_at" DESC[0m
  ↳ app/views/posts/index.html.erb:6
  Rendered collection of posts/_post.html.erb [1 times] (Duration: 24.4ms | Allocations: 109)
  Rendered posts/index.html.erb within layouts/application (Duration: 33.0ms | Allocations: 1380)
[Webpacker] Everything's up-to-date. Nothing to do
  Rendered layout layouts/application.html.erb (Duration: 41.3ms | Allocations: 4903)
Completed 200 OK in 44ms (Views: 41.9ms | ActiveRecord: 0.2ms | Allocations: 5319)


Started GET "/posts" for 127.0.0.1 at 2021-11-18 13:39:24 -0500
Processing by PostsController#index as HTML
  Rendering layout layouts/application.html.erb
  Rendering posts/index.html.erb within layouts/application
  Rendered posts/_form.html.erb (Duration: 8.3ms | Allocations: 389)
  [1m[36mPost Load (0.2ms)[0m  [1m[34mSELECT "posts".* FROM "posts" ORDER BY "posts"."created_at" DESC[0m
  ↳ app/views/posts/index.html.erb:6
  Rendered collection of posts/_post.html.erb [1 times] (Duration: 0.5ms | Allocations: 109)
  Rendered posts/index.html.erb within layouts/application (Duration: 13.2ms | Allocations: 1387)
[Webpacker] Everything's up-to-date. Nothing to do
  Rendered layout layouts/application.html.erb (Duration: 19.4ms | Allocations: 4900)
Completed 200 OK in 21ms (Views: 20.1ms | ActiveRecord: 0.2ms | Allocations: 5325)


Started GET "/posts" for 127.0.0.1 at 2021-11-18 13:39:25 -0500
Processing by PostsController#index as HTML
  Rendering layout layouts/application.html.erb
  Rendering posts/index.html.erb within layouts/application
  Rendered posts/_form.html.erb (Duration: 0.9ms | Allocations: 389)
  [1m[36mPost Load (0.2ms)[0m  [1m[34mSELECT "posts".* FROM "posts" ORDER BY "posts"."created_at" DESC[0m
  ↳ app/views/posts/index.html.erb:6
  Rendered collection of posts/_post.html.erb [1 times] (Duration: 0.3ms | Allocations: 109)
  Rendered posts/index.html.erb within layouts/application (Duration: 3.1ms | Allocations: 1379)
[Webpacker] Everything's up-to-date. Nothing to do
  Rendered layout layouts/application.html.erb (Duration: 7.9ms | Allocations: 4902)
Completed 200 OK in 9ms (Views: 8.2ms | ActiveRecord: 0.2ms | Allocations: 5314)


Finished "/cable/" [WebSocket] for 127.0.0.1 at 2021-11-18 13:39:25 -0500
TimelineChannel stopped streaming from timeline
Started GET "/cable" for 127.0.0.1 at 2021-11-18 13:39:26 -0500
Started GET "/cable/" [WebSocket] for 127.0.0.1 at 2021-11-18 13:39:26 -0500
Successfully upgraded to WebSocket (REQUEST_METHOD: GET, HTTP_CONNECTION: Upgrade, HTTP_UPGRADE: websocket)
Registered connection (5f71647e654adca2e961e844df97802c)
TimelineChannel is transmitting the subscription confirmation
TimelineChannel is streaming from timeline
Started GET "/" for 127.0.0.1 at 2021-11-18 13:39:28 -0500
Processing by PostsController#index as HTML
  Rendering layout layouts/application.html.erb
  Rendering posts/index.html.erb within layouts/application
  Rendered posts/_form.html.erb (Duration: 1.2ms | Allocations: 389)
  [1m[36mPost Load (0.2ms)[0m  [1m[34mSELECT "posts".* FROM "posts" ORDER BY "posts"."created_at" DESC[0m
  ↳ app/views/posts/index.html.erb:6
  Rendered collection of posts/_post.html.erb [1 times] (Duration: 0.6ms | Allocations: 109)
  Rendered posts/index.html.erb within layouts/application (Duration: 5.5ms | Allocations: 1379)
[Webpacker] Everything's up-to-date. Nothing to do
  Rendered layout layouts/application.html.erb (Duration: 13.9ms | Allocations: 4890)
Completed 200 OK in 15ms (Views: 14.3ms | ActiveRecord: 0.2ms | Allocations: 5303)


Finished "/cable/" [WebSocket] for 127.0.0.1 at 2021-11-18 13:39:28 -0500
TimelineChannel stopped streaming from timeline
Started GET "/cable" for 127.0.0.1 at 2021-11-18 13:39:28 -0500
Started GET "/cable/" [WebSocket] for 127.0.0.1 at 2021-11-18 13:39:28 -0500
Successfully upgraded to WebSocket (REQUEST_METHOD: GET, HTTP_CONNECTION: Upgrade, HTTP_UPGRADE: websocket)
Registered connection (5f71647e654adca2e961e844df97802c)
TimelineChannel is transmitting the subscription confirmation
TimelineChannel is streaming from timeline
Started POST "/posts" for 127.0.0.1 at 2021-11-18 13:39:33 -0500
Processing by PostsController#create as HTML
  Parameters: {"authenticity_token"=>"[FILTERED]", "post"=>{"body"=>"asdasd"}, "commit"=>"Create Post"}
  [1m[36mTRANSACTION (0.1ms)[0m  [1m[36mbegin transaction[0m
  ↳ app/controllers/posts_controller.rb:12:in `create'
  [1m[36mPost Create (0.8ms)[0m  [1m[32mINSERT INTO "posts" ("body", "created_at", "updated_at") VALUES (?, ?, ?)[0m  [["body", "asdasd"], ["created_at", "2021-11-18 18:39:33.154353"], ["updated_at", "2021-11-18 18:39:33.154353"]]
  ↳ app/controllers/posts_controller.rb:12:in `create'
  [1m[36mTRANSACTION (0.9ms)[0m  [1m[36mcommit transaction[0m
  ↳ app/controllers/posts_controller.rb:12:in `create'
[ActionCable] Broadcasting to timeline: {"cableReady"=>true, "operations"=>{"consoleLog"=>[{"message"=>"***** cable ready post created"}]}}
Redirected to http://0.0.0.0:3001/posts
TimelineChannel transmitting {"cableReady"=>true, "operations"=>{"consoleLog"=>[{"message"=>"***** cable ready post created"}]}} (via streamed from timeline)
Completed 302 Found in 11ms (ActiveRecord: 1.7ms | Allocations: 2758)


TimelineChannel transmitting {"cableReady"=>true, "operations"=>{"consoleLog"=>[{"message"=>"***** cable ready post created"}]}} (via streamed from timeline)
Started GET "/posts" for 127.0.0.1 at 2021-11-18 13:39:33 -0500
Processing by PostsController#index as HTML
  Rendering layout layouts/application.html.erb
  Rendering posts/index.html.erb within layouts/application
  Rendered posts/_form.html.erb (Duration: 0.8ms | Allocations: 389)
  [1m[36mPost Load (0.2ms)[0m  [1m[34mSELECT "posts".* FROM "posts" ORDER BY "posts"."created_at" DESC[0m
  ↳ app/views/posts/index.html.erb:6
  Rendered collection of posts/_post.html.erb [2 times] (Duration: 0.5ms | Allocations: 208)
  Rendered posts/index.html.erb within layouts/application (Duration: 4.9ms | Allocations: 1489)
[Webpacker] Everything's up-to-date. Nothing to do
  Rendered layout layouts/application.html.erb (Duration: 13.7ms | Allocations: 5003)
Completed 200 OK in 15ms (Views: 13.9ms | ActiveRecord: 0.2ms | Allocations: 5415)


Finished "/cable/" [WebSocket] for 127.0.0.1 at 2021-11-18 13:39:33 -0500
TimelineChannel stopped streaming from timeline
Started GET "/cable" for 127.0.0.1 at 2021-11-18 13:39:33 -0500
Started GET "/cable/" [WebSocket] for 127.0.0.1 at 2021-11-18 13:39:33 -0500
Successfully upgraded to WebSocket (REQUEST_METHOD: GET, HTTP_CONNECTION: Upgrade, HTTP_UPGRADE: websocket)
Registered connection (5f71647e654adca2e961e844df97802c)
TimelineChannel is transmitting the subscription confirmation
TimelineChannel is streaming from timeline
Started POST "/posts" for 127.0.0.1 at 2021-11-18 13:39:57 -0500
Processing by PostsController#create as HTML
  Parameters: {"authenticity_token"=>"[FILTERED]", "post"=>{"body"=>"asdx"}, "commit"=>"Create Post"}
  [1m[36mTRANSACTION (0.1ms)[0m  [1m[36mbegin transaction[0m
  ↳ app/controllers/posts_controller.rb:12:in `create'
  [1m[36mPost Create (0.7ms)[0m  [1m[32mINSERT INTO "posts" ("body", "created_at", "updated_at") VALUES (?, ?, ?)[0m  [["body", "asdx"], ["created_at", "2021-11-18 18:39:57.427349"], ["updated_at", "2021-11-18 18:39:57.427349"]]
  ↳ app/controllers/posts_controller.rb:12:in `create'
  [1m[36mTRANSACTION (1.1ms)[0m  [1m[36mcommit transaction[0m
  ↳ app/controllers/posts_controller.rb:12:in `create'
[ActionCable] Broadcasting to timeline: {"cableReady"=>true, "operations"=>{"consoleLog"=>[{"message"=>"***** cable ready post created"}]}}
Redirected to http://0.0.0.0:3001/posts
TimelineChannel transmitting {"cableReady"=>true, "operations"=>{"consoleLog"=>[{"message"=>"***** cable ready post created"}]}} (via streamed from timeline)
TimelineChannel transmitting {"cableReady"=>true, "operations"=>{"consoleLog"=>[{"message"=>"***** cable ready post created"}]}} (via streamed from timeline)
Completed 302 Found in 12ms (ActiveRecord: 2.0ms | Allocations: 2874)


Started GET "/posts" for 127.0.0.1 at 2021-11-18 13:39:57 -0500
Processing by PostsController#index as HTML
  Rendering layout layouts/application.html.erb
  Rendering posts/index.html.erb within layouts/application
  Rendered posts/_form.html.erb (Duration: 1.0ms | Allocations: 389)
  [1m[36mPost Load (0.2ms)[0m  [1m[34mSELECT "posts".* FROM "posts" ORDER BY "posts"."created_at" DESC[0m
  ↳ app/views/posts/index.html.erb:6
  Rendered collection of posts/_post.html.erb [3 times] (Duration: 1.3ms | Allocations: 307)
  Rendered posts/index.html.erb within layouts/application (Duration: 5.6ms | Allocations: 1599)
[Webpacker] Everything's up-to-date. Nothing to do
  Rendered layout layouts/application.html.erb (Duration: 12.4ms | Allocations: 5110)
Completed 200 OK in 14ms (Views: 12.9ms | ActiveRecord: 0.2ms | Allocations: 5522)


Finished "/cable/" [WebSocket] for 127.0.0.1 at 2021-11-18 13:39:57 -0500
TimelineChannel stopped streaming from timeline
Started GET "/cable" for 127.0.0.1 at 2021-11-18 13:39:57 -0500
Started GET "/cable/" [WebSocket] for 127.0.0.1 at 2021-11-18 13:39:57 -0500
Successfully upgraded to WebSocket (REQUEST_METHOD: GET, HTTP_CONNECTION: Upgrade, HTTP_UPGRADE: websocket)
Registered connection (5f71647e654adca2e961e844df97802c)
TimelineChannel is transmitting the subscription confirmation
TimelineChannel is streaming from timeline
Finished "/cable/" [WebSocket] for 127.0.0.1 at 2021-11-18 13:56:29 -0500
TimelineChannel stopped streaming from timeline
