  [1m[35m (607.6ms)[0m  [1m[35mCREATE DATABASE "form_hidden_fields_development" ENCODING = 'unicode'[0m
  [1m[35m (473.2ms)[0m  [1m[35mCREATE DATABASE "form_hidden_fields_test" ENCODING = 'unicode'[0m
  [1m[35m (47.8ms)[0m  [1m[35mCREATE TABLE "schema_migrations" ("version" character varying NOT NULL PRIMARY KEY)[0m
  [1m[35m (44.6ms)[0m  [1m[35mCREATE TABLE "ar_internal_metadata" ("key" character varying NOT NULL PRIMARY KEY, "value" character varying, "created_at" timestamp(6) NOT NULL, "updated_at" timestamp(6) NOT NULL)[0m
  [1m[35m (1.1ms)[0m  [1m[34mSELECT pg_try_advisory_lock(2477697366942755895)[0m
  [1m[35m (1.0ms)[0m  [1m[34mSELECT "schema_migrations"."version" FROM "schema_migrations" ORDER BY "schema_migrations"."version" ASC[0m
Migrating to CreateUsers (20200305140529)
  [1m[35m (0.2ms)[0m  [1m[35mBEGIN[0m
  [1m[35m (43.1ms)[0m  [1m[35mCREATE TABLE "users" ("id" bigserial primary key, "name" character varying, "created_at" timestamp(6) NOT NULL, "updated_at" timestamp(6) NOT NULL)[0m
  [1m[36mprimary::SchemaMigration Create (1.9ms)[0m  [1m[32mINSERT INTO "schema_migrations" ("version") VALUES ($1) RETURNING "version"[0m  [["version", "20200305140529"]]
  [1m[35m (1.9ms)[0m  [1m[35mCOMMIT[0m
  [1m[36mActiveRecord::InternalMetadata Load (0.7ms)[0m  [1m[34mSELECT "ar_internal_metadata".* FROM "ar_internal_metadata" WHERE "ar_internal_metadata"."key" = $1 LIMIT $2[0m  [["key", "environment"], ["LIMIT", 1]]
  [1m[35m (0.6ms)[0m  [1m[35mBEGIN[0m
  [1m[36mActiveRecord::InternalMetadata Create (3.7ms)[0m  [1m[32mINSERT INTO "ar_internal_metadata" ("key", "value", "created_at", "updated_at") VALUES ($1, $2, $3, $4) RETURNING "key"[0m  [["key", "environment"], ["value", "development"], ["created_at", "2020-03-05 16:54:17.264916"], ["updated_at", "2020-03-05 16:54:17.264916"]]
  [1m[35m (0.4ms)[0m  [1m[35mCOMMIT[0m
  [1m[35m (0.2ms)[0m  [1m[34mSELECT pg_advisory_unlock(2477697366942755895)[0m
  [1m[35m (0.6ms)[0m  [1m[34mSELECT "schema_migrations"."version" FROM "schema_migrations" ORDER BY "schema_migrations"."version" ASC[0m
Started GET "/" for 127.0.0.1 at 2020-03-05 11:55:04 -0500
  [1m[35m (0.7ms)[0m  [1m[34mSELECT "schema_migrations"."version" FROM "schema_migrations" ORDER BY "schema_migrations"."version" ASC[0m
Processing by Rails::WelcomeController#index as HTML
  Rendering /Users/pitosalas/.rbenv/versions/2.6.5/lib/ruby/gems/2.6.0/gems/railties-6.0.2.1/lib/rails/templates/rails/welcome/index.html.erb
  Rendered /Users/pitosalas/.rbenv/versions/2.6.5/lib/ruby/gems/2.6.0/gems/railties-6.0.2.1/lib/rails/templates/rails/welcome/index.html.erb (Duration: 14.9ms | Allocations: 473)
Completed 200 OK in 50ms (Views: 34.6ms | ActiveRecord: 0.0ms | Allocations: 2733)


Started GET "/show_form" for 127.0.0.1 at 2020-03-05 11:55:13 -0500
Processing by UsersController#show_form as HTML
  Rendering users/show_form.html.erb within layouts/application
  Rendered users/show_form.html.erb within layouts/application (Duration: 1.2ms | Allocations: 511)
[Webpacker] Compiling...
[Webpacker] Compiled all packs in /Users/pitosalas/mydev/public_samples/rails_examples/form_hidden_fields/public/packs
[Webpacker] Hash: 6249d34a60b5b41e803f
Version: webpack 4.42.0
Time: 2411ms
Built at: 03/05/2020 11:55:18 AM
                                     Asset       Size       Chunks                         Chunk Names
    js/application-e432d36ab9763137ce3c.js   89.1 KiB  application  [emitted] [immutable]  application
js/application-e432d36ab9763137ce3c.js.map   97.9 KiB  application  [emitted] [dev]        application
                             manifest.json  364 bytes               [emitted]              
Entrypoint application = js/application-e432d36ab9763137ce3c.js js/application-e432d36ab9763137ce3c.js.map
[./app/javascript/channels sync recursive _channel\.js$] ./app/javascript/channels sync _channel\.js$ 160 bytes {application} [built]
[./app/javascript/channels/index.js] 211 bytes {application} [built]
[./app/javascript/packs/application.js] 707 bytes {application} [built]
[./node_modules/webpack/buildin/module.js] (webpack)/buildin/module.js 552 bytes {application} [built]
    + 2 hidden modules

Completed 200 OK in 5162ms (Views: 5152.0ms | ActiveRecord: 0.0ms | Allocations: 23672)


Started GET "/do_form?top_secret=43&top_top_secret=42&commit=Wanna+know+a+secret%3F" for 127.0.0.1 at 2020-03-05 11:55:21 -0500
Processing by UsersController#do_form as HTML
  Parameters: {"top_secret"=>"43", "top_top_secret"=>"42", "commit"=>"Wanna know a secret?"}
  Rendering users/do_form.html.erb within layouts/application
  Rendered users/do_form.html.erb within layouts/application (Duration: 0.9ms | Allocations: 123)
[Webpacker] Everything's up-to-date. Nothing to do
Completed 200 OK in 11ms (Views: 9.1ms | ActiveRecord: 0.0ms | Allocations: 4237)


Started GET "/do_form?top_secret=43&top_top_secret=42&commit=Wanna+know+a+secret%3F" for 127.0.0.1 at 2020-03-05 11:56:11 -0500
Processing by UsersController#do_form as HTML
  Parameters: {"top_secret"=>"43", "top_top_secret"=>"42", "commit"=>"Wanna know a secret?"}
  Rendering users/do_form.html.erb within layouts/application
  Rendered users/do_form.html.erb within layouts/application (Duration: 0.5ms | Allocations: 119)
[Webpacker] Everything's up-to-date. Nothing to do
Completed 200 OK in 18ms (Views: 16.5ms | ActiveRecord: 0.0ms | Allocations: 4794)


Started GET "/show_form" for 127.0.0.1 at 2020-03-05 11:56:13 -0500
Processing by UsersController#show_form as HTML
  Rendering users/show_form.html.erb within layouts/application
  Rendered users/show_form.html.erb within layouts/application (Duration: 0.9ms | Allocations: 349)
[Webpacker] Everything's up-to-date. Nothing to do
Completed 200 OK in 31ms (Views: 27.2ms | ActiveRecord: 0.0ms | Allocations: 4410)


Started GET "/show_form" for 127.0.0.1 at 2020-03-05 11:56:13 -0500
Processing by UsersController#show_form as HTML
  Rendering users/show_form.html.erb within layouts/application
  Rendered users/show_form.html.erb within layouts/application (Duration: 0.4ms | Allocations: 174)
[Webpacker] Everything's up-to-date. Nothing to do
Completed 200 OK in 14ms (Views: 13.2ms | ActiveRecord: 0.0ms | Allocations: 4100)


Started GET "/show_form" for 127.0.0.1 at 2020-03-05 11:56:14 -0500
Processing by UsersController#show_form as HTML
  Rendering users/show_form.html.erb within layouts/application
  Rendered users/show_form.html.erb within layouts/application (Duration: 0.4ms | Allocations: 173)
[Webpacker] Everything's up-to-date. Nothing to do
Completed 200 OK in 12ms (Views: 10.7ms | ActiveRecord: 0.0ms | Allocations: 4082)


Started GET "/do_form?top_secret=43&top_top_secret=42&commit=Wanna+know+a+secret%3F" for 127.0.0.1 at 2020-03-05 11:56:17 -0500
Processing by UsersController#do_form as HTML
  Parameters: {"top_secret"=>"43", "top_top_secret"=>"42", "commit"=>"Wanna know a secret?"}
  Rendering users/do_form.html.erb within layouts/application
  Rendered users/do_form.html.erb within layouts/application (Duration: 0.1ms | Allocations: 6)
[Webpacker] Everything's up-to-date. Nothing to do
Completed 200 OK in 10ms (Views: 8.9ms | ActiveRecord: 0.0ms | Allocations: 3953)


Started GET "/show_form" for 127.0.0.1 at 2020-03-05 12:05:56 -0500
Processing by UsersController#show_form as HTML
  Rendering users/show_form.html.erb within layouts/application
  Rendered users/show_form.html.erb within layouts/application (Duration: 0.3ms | Allocations: 173)
[Webpacker] Everything's up-to-date. Nothing to do
Completed 200 OK in 13ms (Views: 12.1ms | ActiveRecord: 0.0ms | Allocations: 4092)


Started GET "/" for 127.0.0.1 at 2020-03-05 16:01:37 -0500
  [1m[35m (0.8ms)[0m  [1m[34mSELECT "schema_migrations"."version" FROM "schema_migrations" ORDER BY "schema_migrations"."version" ASC[0m
Processing by Rails::WelcomeController#index as HTML
  Rendering /Users/pitosalas/.rbenv/versions/2.6.5/lib/ruby/gems/2.6.0/gems/railties-6.0.2.1/lib/rails/templates/rails/welcome/index.html.erb
  Rendered /Users/pitosalas/.rbenv/versions/2.6.5/lib/ruby/gems/2.6.0/gems/railties-6.0.2.1/lib/rails/templates/rails/welcome/index.html.erb (Duration: 14.2ms | Allocations: 300)
Completed 200 OK in 25ms (Views: 18.0ms | ActiveRecord: 0.0ms | Allocations: 1744)


Started GET "/show_form" for 127.0.0.1 at 2020-03-05 16:01:48 -0500
Processing by UsersController#show_form as HTML
  Rendering users/show_form.html.erb within layouts/application
  Rendered users/show_form.html.erb within layouts/application (Duration: 1.7ms | Allocations: 387)
[Webpacker] Everything's up-to-date. Nothing to do
Completed 200 OK in 29ms (Views: 26.9ms | ActiveRecord: 0.0ms | Allocations: 7431)


Started GET "/show_form" for 127.0.0.1 at 2020-03-05 16:02:01 -0500
Started GET "/show_form" for 127.0.0.1 at 2020-03-05 16:02:01 -0500
Processing by UsersController#show_form as HTML
  Rendering users/show_form.html.erb within layouts/application
  Rendered users/show_form.html.erb within layouts/application (Duration: 0.4ms | Allocations: 175)
[Webpacker] Everything's up-to-date. Nothing to do
Completed 200 OK in 13ms (Views: 12.4ms | ActiveRecord: 0.0ms | Allocations: 4102)


Processing by UsersController#show_form as HTML
  Rendering users/show_form.html.erb within layouts/application
  Rendered users/show_form.html.erb within layouts/application (Duration: 0.3ms | Allocations: 173)
[Webpacker] Everything's up-to-date. Nothing to do
Completed 200 OK in 12ms (Views: 11.2ms | ActiveRecord: 0.0ms | Allocations: 4095)


Started GET "/do_form?top_secret=43&top_top_secret=42&commit=Wanna+know+a+secret%3F" for 127.0.0.1 at 2020-03-05 16:02:08 -0500
Processing by UsersController#do_form as HTML
  Parameters: {"top_secret"=>"43", "top_top_secret"=>"42", "commit"=>"Wanna know a secret?"}
  Rendering users/do_form.html.erb within layouts/application
  Rendered users/do_form.html.erb within layouts/application (Duration: 1.1ms | Allocations: 125)
[Webpacker] Everything's up-to-date. Nothing to do
Completed 200 OK in 11ms (Views: 9.2ms | ActiveRecord: 0.0ms | Allocations: 4234)


Started GET "/show_form" for 127.0.0.1 at 2020-03-05 16:09:01 -0500
Started GET "/show_form" for 127.0.0.1 at 2020-03-05 16:09:01 -0500
Processing by UsersController#show_form as HTML
  Rendering users/show_form.html.erb within layouts/application
  Rendered users/show_form.html.erb within layouts/application (Duration: 0.3ms | Allocations: 175)
[Webpacker] Everything's up-to-date. Nothing to do
Completed 200 OK in 9ms (Views: 8.5ms | ActiveRecord: 0.0ms | Allocations: 4258)


Processing by UsersController#show_form as HTML
  Rendering users/show_form.html.erb within layouts/application
  Rendered users/show_form.html.erb within layouts/application (Duration: 0.5ms | Allocations: 174)
[Webpacker] Everything's up-to-date. Nothing to do
Completed 200 OK in 12ms (Views: 11.0ms | ActiveRecord: 0.0ms | Allocations: 4287)


Started GET "/do_form?top_secret=43&top_top_secret=42&commit=Wanna+know+a+secret%3F" for 127.0.0.1 at 2020-03-05 16:09:02 -0500
Processing by UsersController#do_form as HTML
  Parameters: {"top_secret"=>"43", "top_top_secret"=>"42", "commit"=>"Wanna know a secret?"}
  Rendering users/do_form.html.erb within layouts/application
  Rendered users/do_form.html.erb within layouts/application (Duration: 0.1ms | Allocations: 6)
[Webpacker] Everything's up-to-date. Nothing to do
Completed 200 OK in 11ms (Views: 9.3ms | ActiveRecord: 0.0ms | Allocations: 3988)


Started GET "/do_form?top_secret=43&top_top_secret=42&commit=Wanna+know+a+secret%3F" for 127.0.0.1 at 2020-03-05 16:15:31 -0500
  
ActionController::RoutingError (No route matches [GET] "/do_form"):
  
actionpack (6.0.2.1) lib/action_dispatch/middleware/debug_exceptions.rb:36:in `call'
web-console (4.0.1) lib/web_console/middleware.rb:132:in `call_app'
web-console (4.0.1) lib/web_console/middleware.rb:28:in `block in call'
web-console (4.0.1) lib/web_console/middleware.rb:17:in `catch'
web-console (4.0.1) lib/web_console/middleware.rb:17:in `call'
actionpack (6.0.2.1) lib/action_dispatch/middleware/show_exceptions.rb:33:in `call'
railties (6.0.2.1) lib/rails/rack/logger.rb:38:in `call_app'
railties (6.0.2.1) lib/rails/rack/logger.rb:26:in `block in call'
activesupport (6.0.2.1) lib/active_support/tagged_logging.rb:80:in `block in tagged'
activesupport (6.0.2.1) lib/active_support/tagged_logging.rb:28:in `tagged'
activesupport (6.0.2.1) lib/active_support/tagged_logging.rb:80:in `tagged'
railties (6.0.2.1) lib/rails/rack/logger.rb:26:in `call'
sprockets-rails (3.2.1) lib/sprockets/rails/quiet_assets.rb:13:in `call'
actionpack (6.0.2.1) lib/action_dispatch/middleware/remote_ip.rb:81:in `call'
actionpack (6.0.2.1) lib/action_dispatch/middleware/request_id.rb:27:in `call'
rack (2.2.2) lib/rack/method_override.rb:24:in `call'
rack (2.2.2) lib/rack/runtime.rb:22:in `call'
activesupport (6.0.2.1) lib/active_support/cache/strategy/local_cache_middleware.rb:29:in `call'
actionpack (6.0.2.1) lib/action_dispatch/middleware/executor.rb:14:in `call'
actionpack (6.0.2.1) lib/action_dispatch/middleware/static.rb:126:in `call'
rack (2.2.2) lib/rack/sendfile.rb:110:in `call'
actionpack (6.0.2.1) lib/action_dispatch/middleware/host_authorization.rb:83:in `call'
webpacker (4.2.2) lib/webpacker/dev_server_proxy.rb:23:in `perform_request'
rack-proxy (0.6.5) lib/rack/proxy.rb:57:in `call'
railties (6.0.2.1) lib/rails/engine.rb:526:in `call'
puma (4.3.3) lib/puma/configuration.rb:228:in `call'
puma (4.3.3) lib/puma/server.rb:682:in `handle_request'
puma (4.3.3) lib/puma/server.rb:472:in `process_client'
puma (4.3.3) lib/puma/server.rb:328:in `block in run'
puma (4.3.3) lib/puma/thread_pool.rb:134:in `block in spawn_thread'
Started GET "/" for 127.0.0.1 at 2020-03-05 16:15:47 -0500
Processing by Rails::WelcomeController#index as HTML
  Rendering /Users/pitosalas/.rbenv/versions/2.6.5/lib/ruby/gems/2.6.0/gems/railties-6.0.2.1/lib/rails/templates/rails/welcome/index.html.erb
  Rendered /Users/pitosalas/.rbenv/versions/2.6.5/lib/ruby/gems/2.6.0/gems/railties-6.0.2.1/lib/rails/templates/rails/welcome/index.html.erb (Duration: 7.8ms | Allocations: 184)
Completed 200 OK in 11ms (Views: 8.9ms | ActiveRecord: 0.0ms | Allocations: 923)


Started GET "/show_form" for 127.0.0.1 at 2020-03-05 16:15:53 -0500
Processing by UsersController#show_form as HTML
  Rendering users/show_form.html.erb within layouts/application
  Rendered users/show_form.html.erb within layouts/application (Duration: 1.0ms | Allocations: 413)
[Webpacker] Everything's up-to-date. Nothing to do
Completed 200 OK in 31ms (Views: 29.4ms | ActiveRecord: 0.0ms | Allocations: 5112)


Started POST "/do_form" for 127.0.0.1 at 2020-03-05 16:15:55 -0500
Processing by UsersController#do_form as HTML
  Parameters: {"authenticity_token"=>"X9iWAkaYIrZS2sqIhkq++hwwNlU9QHlBrEyWKx+UGtyUBekYNoq61r8pjxurQBWKhC4enJUYgk0numCVGCtv3Q==", "top_secret"=>"43", "top_top_secret"=>"42", "commit"=>"Wanna know a secret?"}
  Rendering users/do_form.html.erb within layouts/application
  Rendered users/do_form.html.erb within layouts/application (Duration: 0.4ms | Allocations: 118)
[Webpacker] Everything's up-to-date. Nothing to do
Completed 200 OK in 11ms (Views: 9.4ms | ActiveRecord: 0.0ms | Allocations: 4279)


Started POST "/do_form" for 127.0.0.1 at 2020-03-05 16:15:58 -0500
Processing by UsersController#do_form as HTML
  Parameters: {"authenticity_token"=>"X9iWAkaYIrZS2sqIhkq++hwwNlU9QHlBrEyWKx+UGtyUBekYNoq61r8pjxurQBWKhC4enJUYgk0numCVGCtv3Q==", "top_secret"=>"43", "top_top_secret"=>"42", "commit"=>"Wanna know a secret?"}
  Rendering users/do_form.html.erb within layouts/application
  Rendered users/do_form.html.erb within layouts/application (Duration: 0.1ms | Allocations: 6)
[Webpacker] Everything's up-to-date. Nothing to do
Completed 200 OK in 16ms (Views: 14.4ms | ActiveRecord: 0.0ms | Allocations: 4005)


Started POST "/do_form" for 127.0.0.1 at 2020-03-05 16:16:47 -0500
Processing by UsersController#do_form as HTML
  Parameters: {"authenticity_token"=>"X9iWAkaYIrZS2sqIhkq++hwwNlU9QHlBrEyWKx+UGtyUBekYNoq61r8pjxurQBWKhC4enJUYgk0numCVGCtv3Q==", "top_secret"=>"43", "top_top_secret"=>"42", "commit"=>"Wanna know a secret?"}
  Rendering users/do_form.html.erb within layouts/application
  Rendered users/do_form.html.erb within layouts/application (Duration: 0.1ms | Allocations: 6)
[Webpacker] Everything's up-to-date. Nothing to do
Completed 200 OK in 13ms (Views: 12.4ms | ActiveRecord: 0.0ms | Allocations: 4012)


