  [1m[35m (535.6ms)[0m  [1m[35mCREATE DATABASE "handsonforms_development" ENCODING = 'unicode'[0m
  [1m[35m (469.2ms)[0m  [1m[35mCREATE DATABASE "handsonforms_test" ENCODING = 'unicode'[0m
  [1m[35m (47.5ms)[0m  [1m[35mCREATE TABLE "schema_migrations" ("version" character varying NOT NULL PRIMARY KEY)[0m
  [1m[35m (44.7ms)[0m  [1m[35mCREATE TABLE "ar_internal_metadata" ("key" character varying NOT NULL PRIMARY KEY, "value" character varying, "created_at" timestamp(6) NOT NULL, "updated_at" timestamp(6) NOT NULL)[0m
  [1m[35m (0.5ms)[0m  [1m[34mSELECT pg_try_advisory_lock(3847886261932912395)[0m
  [1m[35m (0.5ms)[0m  [1m[34mSELECT "schema_migrations"."version" FROM "schema_migrations" ORDER BY "schema_migrations"."version" ASC[0m
Migrating to CreateItems (20200312154558)
  [1m[35m (0.2ms)[0m  [1m[35mBEGIN[0m
  [1m[35m (26.9ms)[0m  [1m[35mCREATE TABLE "items" ("id" bigserial primary key, "title" character varying, "description" character varying, "owner" text, "category_id" integer, "created_at" timestamp(6) NOT NULL, "updated_at" timestamp(6) NOT NULL)[0m
  [1m[36mprimary::SchemaMigration Create (1.0ms)[0m  [1m[32mINSERT INTO "schema_migrations" ("version") VALUES ($1) RETURNING "version"[0m  [["version", "20200312154558"]]
  [1m[35m (0.6ms)[0m  [1m[35mCOMMIT[0m
Migrating to CreateCategories (20200312154602)
  [1m[35m (24.3ms)[0m  [1m[35mBEGIN[0m
  [1m[35m (30.6ms)[0m  [1m[35mCREATE TABLE "categories" ("id" bigserial primary key, "title" character varying, "description" character varying, "created_at" timestamp(6) NOT NULL, "updated_at" timestamp(6) NOT NULL)[0m
  [1m[36mprimary::SchemaMigration Create (0.3ms)[0m  [1m[32mINSERT INTO "schema_migrations" ("version") VALUES ($1) RETURNING "version"[0m  [["version", "20200312154602"]]
  [1m[35m (0.7ms)[0m  [1m[35mCOMMIT[0m
Migrating to CreateComments (20200312154607)
  [1m[35m (24.4ms)[0m  [1m[35mBEGIN[0m
  [1m[35m (7.8ms)[0m  [1m[35mCREATE TABLE "comments" ("id" bigserial primary key, "from" character varying, "message" character varying, "item_id" integer, "created_at" timestamp(6) NOT NULL, "updated_at" timestamp(6) NOT NULL)[0m
  [1m[36mprimary::SchemaMigration Create (0.2ms)[0m  [1m[32mINSERT INTO "schema_migrations" ("version") VALUES ($1) RETURNING "version"[0m  [["version", "20200312154607"]]
  [1m[35m (0.5ms)[0m  [1m[35mCOMMIT[0m
  [1m[36mActiveRecord::InternalMetadata Load (0.4ms)[0m  [1m[34mSELECT "ar_internal_metadata".* FROM "ar_internal_metadata" WHERE "ar_internal_metadata"."key" = $1 LIMIT $2[0m  [["key", "environment"], ["LIMIT", 1]]
  [1m[35m (2.5ms)[0m  [1m[35mBEGIN[0m
  [1m[36mActiveRecord::InternalMetadata Create (1.1ms)[0m  [1m[32mINSERT INTO "ar_internal_metadata" ("key", "value", "created_at", "updated_at") VALUES ($1, $2, $3, $4) RETURNING "key"[0m  [["key", "environment"], ["value", "development"], ["created_at", "2020-03-12 15:48:17.106266"], ["updated_at", "2020-03-12 15:48:17.106266"]]
  [1m[35m (39.8ms)[0m  [1m[35mCOMMIT[0m
  [1m[35m (0.4ms)[0m  [1m[34mSELECT pg_advisory_unlock(3847886261932912395)[0m
  [1m[35m (1.1ms)[0m  [1m[34mSELECT "schema_migrations"."version" FROM "schema_migrations" ORDER BY "schema_migrations"."version" ASC[0m
  [1m[35m (0.5ms)[0m  [1m[34mSELECT "schema_migrations"."version" FROM "schema_migrations" ORDER BY "schema_migrations"."version" ASC[0m
  [1m[36mCategory Load (0.8ms)[0m  [1m[34mSELECT "categories".* FROM "categories"[0m
  [1m[35m (1.1ms)[0m  [1m[35mBEGIN[0m
  [1m[36mCategory Create (1.6ms)[0m  [1m[32mINSERT INTO "categories" ("title", "description", "created_at", "updated_at") VALUES ($1, $2, $3, $4) RETURNING "id"[0m  [["title", "book"], ["description", "Books, Magazines etc."], ["created_at", "2020-03-12 15:48:17.321972"], ["updated_at", "2020-03-12 15:48:17.321972"]]
  [1m[35m (0.5ms)[0m  [1m[35mCOMMIT[0m
  [1m[35m (0.1ms)[0m  [1m[35mBEGIN[0m
  [1m[36mCategory Create (0.2ms)[0m  [1m[32mINSERT INTO "categories" ("title", "description", "created_at", "updated_at") VALUES ($1, $2, $3, $4) RETURNING "id"[0m  [["title", "electronics"], ["description", "Computer, Cellphone, etc"], ["created_at", "2020-03-12 15:48:17.329289"], ["updated_at", "2020-03-12 15:48:17.329289"]]
  [1m[35m (0.3ms)[0m  [1m[35mCOMMIT[0m
  [1m[35m (0.1ms)[0m  [1m[35mBEGIN[0m
  [1m[36mCategory Create (0.2ms)[0m  [1m[32mINSERT INTO "categories" ("title", "description", "created_at", "updated_at") VALUES ($1, $2, $3, $4) RETURNING "id"[0m  [["title", "clothing"], ["description", "Shoes, Jackets, Belts, etc"], ["created_at", "2020-03-12 15:48:17.332261"], ["updated_at", "2020-03-12 15:48:17.332261"]]
  [1m[35m (0.3ms)[0m  [1m[35mCOMMIT[0m
  [1m[35m (0.1ms)[0m  [1m[35mBEGIN[0m
  [1m[36mCategory Create (0.2ms)[0m  [1m[32mINSERT INTO "categories" ("title", "description", "created_at", "updated_at") VALUES ($1, $2, $3, $4) RETURNING "id"[0m  [["title", "jewelry"], ["description", "Rings, watches, necklaces, etc"], ["created_at", "2020-03-12 15:48:17.335085"], ["updated_at", "2020-03-12 15:48:17.335085"]]
  [1m[35m (0.3ms)[0m  [1m[35mCOMMIT[0m
  [1m[35m (0.6ms)[0m  [1m[34mSELECT "schema_migrations"."version" FROM "schema_migrations" ORDER BY "schema_migrations"."version" ASC[0m
  [1m[36mCategory Load (0.4ms)[0m  [1m[34mSELECT "categories".* FROM "categories"[0m
  [1m[35m (0.2ms)[0m  [1m[35mBEGIN[0m
  [1m[36mCategory Destroy (0.4ms)[0m  [1m[31mDELETE FROM "categories" WHERE "categories"."id" = $1[0m  [["id", 1]]
  [1m[35m (0.4ms)[0m  [1m[35mCOMMIT[0m
  [1m[35m (0.1ms)[0m  [1m[35mBEGIN[0m
  [1m[36mCategory Destroy (0.2ms)[0m  [1m[31mDELETE FROM "categories" WHERE "categories"."id" = $1[0m  [["id", 2]]
  [1m[35m (0.3ms)[0m  [1m[35mCOMMIT[0m
  [1m[35m (0.1ms)[0m  [1m[35mBEGIN[0m
  [1m[36mCategory Destroy (0.2ms)[0m  [1m[31mDELETE FROM "categories" WHERE "categories"."id" = $1[0m  [["id", 3]]
  [1m[35m (0.3ms)[0m  [1m[35mCOMMIT[0m
  [1m[35m (0.1ms)[0m  [1m[35mBEGIN[0m
  [1m[36mCategory Destroy (0.2ms)[0m  [1m[31mDELETE FROM "categories" WHERE "categories"."id" = $1[0m  [["id", 4]]
  [1m[35m (0.3ms)[0m  [1m[35mCOMMIT[0m
  [1m[35m (0.1ms)[0m  [1m[35mBEGIN[0m
  [1m[36mCategory Create (0.4ms)[0m  [1m[32mINSERT INTO "categories" ("title", "description", "created_at", "updated_at") VALUES ($1, $2, $3, $4) RETURNING "id"[0m  [["title", "book"], ["description", "Books, Magazines etc."], ["created_at", "2020-03-12 16:01:23.311135"], ["updated_at", "2020-03-12 16:01:23.311135"]]
  [1m[35m (0.5ms)[0m  [1m[35mCOMMIT[0m
  [1m[35m (0.1ms)[0m  [1m[35mBEGIN[0m
  [1m[36mCategory Create (0.2ms)[0m  [1m[32mINSERT INTO "categories" ("title", "description", "created_at", "updated_at") VALUES ($1, $2, $3, $4) RETURNING "id"[0m  [["title", "electronics"], ["description", "Computer, Cellphone, etc"], ["created_at", "2020-03-12 16:01:23.314779"], ["updated_at", "2020-03-12 16:01:23.314779"]]
  [1m[35m (0.3ms)[0m  [1m[35mCOMMIT[0m
  [1m[35m (0.1ms)[0m  [1m[35mBEGIN[0m
  [1m[36mCategory Create (0.2ms)[0m  [1m[32mINSERT INTO "categories" ("title", "description", "created_at", "updated_at") VALUES ($1, $2, $3, $4) RETURNING "id"[0m  [["title", "clothing"], ["description", "Shoes, Jackets, Belts, etc"], ["created_at", "2020-03-12 16:01:23.317681"], ["updated_at", "2020-03-12 16:01:23.317681"]]
  [1m[35m (0.3ms)[0m  [1m[35mCOMMIT[0m
  [1m[35m (0.2ms)[0m  [1m[35mBEGIN[0m
  [1m[36mCategory Create (0.2ms)[0m  [1m[32mINSERT INTO "categories" ("title", "description", "created_at", "updated_at") VALUES ($1, $2, $3, $4) RETURNING "id"[0m  [["title", "jewelry"], ["description", "Rings, watches, necklaces, etc"], ["created_at", "2020-03-12 16:01:23.320471"], ["updated_at", "2020-03-12 16:01:23.320471"]]
  [1m[35m (0.3ms)[0m  [1m[35mCOMMIT[0m
  [1m[35m (0.2ms)[0m  [1m[35mBEGIN[0m
  [1m[36mItem Create (0.8ms)[0m  [1m[32mINSERT INTO "items" ("title", "description", "owner", "category_id", "created_at", "updated_at") VALUES ($1, $2, $3, $4, $5, $6) RETURNING "id"[0m  [["title", "red belt"], ["description", "My favorite red belt"], ["owner", "George Benson"], ["category_id", 5], ["created_at", "2020-03-12 16:01:23.357637"], ["updated_at", "2020-03-12 16:01:23.357637"]]
  [1m[35m (37.9ms)[0m  [1m[35mCOMMIT[0m
  [1m[35m (0.1ms)[0m  [1m[35mBEGIN[0m
  [1m[36mItem Create (0.3ms)[0m  [1m[32mINSERT INTO "items" ("title", "description", "owner", "category_id", "created_at", "updated_at") VALUES ($1, $2, $3, $4, $5, $6) RETURNING "id"[0m  [["title", "red belt"], ["description", "My favorite red belt"], ["owner", "George Benson"], ["category_id", 8], ["created_at", "2020-03-12 16:01:23.400222"], ["updated_at", "2020-03-12 16:01:23.400222"]]
  [1m[35m (0.3ms)[0m  [1m[35mCOMMIT[0m
  [1m[35m (0.2ms)[0m  [1m[35mBEGIN[0m
  [1m[36mItem Create (0.3ms)[0m  [1m[32mINSERT INTO "items" ("title", "description", "owner", "category_id", "created_at", "updated_at") VALUES ($1, $2, $3, $4, $5, $6) RETURNING "id"[0m  [["title", "tiny wallet"], ["description", "A great tiny wallet"], ["owner", "George Benson"], ["category_id", 5], ["created_at", "2020-03-12 16:01:23.403547"], ["updated_at", "2020-03-12 16:01:23.403547"]]
  [1m[35m (0.3ms)[0m  [1m[35mCOMMIT[0m
  [1m[35m (0.1ms)[0m  [1m[35mBEGIN[0m
  [1m[36mItem Create (0.3ms)[0m  [1m[32mINSERT INTO "items" ("title", "description", "owner", "category_id", "created_at", "updated_at") VALUES ($1, $2, $3, $4, $5, $6) RETURNING "id"[0m  [["title", "red wallet"], ["description", "A great red wallet"], ["owner", "Jane Smith"], ["category_id", 5], ["created_at", "2020-03-12 16:01:23.407018"], ["updated_at", "2020-03-12 16:01:23.407018"]]
  [1m[35m (0.4ms)[0m  [1m[35mCOMMIT[0m
  [1m[35m (0.1ms)[0m  [1m[35mBEGIN[0m
  [1m[36mItem Create (0.2ms)[0m  [1m[32mINSERT INTO "items" ("title", "description", "owner", "category_id", "created_at", "updated_at") VALUES ($1, $2, $3, $4, $5, $6) RETURNING "id"[0m  [["title", "brown wallet"], ["description", "My favorite brown wallet"], ["owner", "Jane Smith"], ["category_id", 5], ["created_at", "2020-03-12 16:01:23.410345"], ["updated_at", "2020-03-12 16:01:23.410345"]]
  [1m[35m (0.3ms)[0m  [1m[35mCOMMIT[0m
  [1m[35m (0.1ms)[0m  [1m[35mBEGIN[0m
  [1m[36mItem Create (0.3ms)[0m  [1m[32mINSERT INTO "items" ("title", "description", "owner", "category_id", "created_at", "updated_at") VALUES ($1, $2, $3, $4, $5, $6) RETURNING "id"[0m  [["title", "tiny belt"], ["description", "The perfect tiny belt"], ["owner", "George Benson"], ["category_id", 6], ["created_at", "2020-03-12 16:01:23.413445"], ["updated_at", "2020-03-12 16:01:23.413445"]]
  [1m[35m (0.4ms)[0m  [1m[35mCOMMIT[0m
  [1m[35m (0.1ms)[0m  [1m[35mBEGIN[0m
  [1m[36mItem Create (0.3ms)[0m  [1m[32mINSERT INTO "items" ("title", "description", "owner", "category_id", "created_at", "updated_at") VALUES ($1, $2, $3, $4, $5, $6) RETURNING "id"[0m  [["title", "tiny wallet"], ["description", "A great tiny wallet"], ["owner", "Ira Levin"], ["category_id", 7], ["created_at", "2020-03-12 16:01:23.416642"], ["updated_at", "2020-03-12 16:01:23.416642"]]
  [1m[35m (0.3ms)[0m  [1m[35mCOMMIT[0m
  [1m[35m (0.1ms)[0m  [1m[35mBEGIN[0m
  [1m[36mItem Create (0.2ms)[0m  [1m[32mINSERT INTO "items" ("title", "description", "owner", "category_id", "created_at", "updated_at") VALUES ($1, $2, $3, $4, $5, $6) RETURNING "id"[0m  [["title", "tiny belt"], ["description", "My favorite tiny belt"], ["owner", "George Benson"], ["category_id", 8], ["created_at", "2020-03-12 16:01:23.419676"], ["updated_at", "2020-03-12 16:01:23.419676"]]
  [1m[35m (0.3ms)[0m  [1m[35mCOMMIT[0m
  [1m[35m (0.1ms)[0m  [1m[35mBEGIN[0m
  [1m[36mItem Create (0.3ms)[0m  [1m[32mINSERT INTO "items" ("title", "description", "owner", "category_id", "created_at", "updated_at") VALUES ($1, $2, $3, $4, $5, $6) RETURNING "id"[0m  [["title", "white shoes"], ["description", "The perfect white shoes"], ["owner", "Ira Levin"], ["category_id", 6], ["created_at", "2020-03-12 16:01:23.422672"], ["updated_at", "2020-03-12 16:01:23.422672"]]
  [1m[35m (0.4ms)[0m  [1m[35mCOMMIT[0m
  [1m[35m (0.1ms)[0m  [1m[35mBEGIN[0m
  [1m[36mItem Create (0.3ms)[0m  [1m[32mINSERT INTO "items" ("title", "description", "owner", "category_id", "created_at", "updated_at") VALUES ($1, $2, $3, $4, $5, $6) RETURNING "id"[0m  [["title", "red belt"], ["description", "A great red belt"], ["owner", "Ira Levin"], ["category_id", 5], ["created_at", "2020-03-12 16:01:23.426627"], ["updated_at", "2020-03-12 16:01:23.426627"]]
  [1m[35m (0.3ms)[0m  [1m[35mCOMMIT[0m
  [1m[35m (0.1ms)[0m  [1m[35mBEGIN[0m
  [1m[36mItem Create (0.3ms)[0m  [1m[32mINSERT INTO "items" ("title", "description", "owner", "category_id", "created_at", "updated_at") VALUES ($1, $2, $3, $4, $5, $6) RETURNING "id"[0m  [["title", "brown wallet"], ["description", "The perfect brown wallet"], ["owner", "Jane Smith"], ["category_id", 5], ["created_at", "2020-03-12 16:01:23.429859"], ["updated_at", "2020-03-12 16:01:23.429859"]]
  [1m[35m (0.3ms)[0m  [1m[35mCOMMIT[0m
  [1m[35m (0.1ms)[0m  [1m[35mBEGIN[0m
  [1m[36mItem Create (0.3ms)[0m  [1m[32mINSERT INTO "items" ("title", "description", "owner", "category_id", "created_at", "updated_at") VALUES ($1, $2, $3, $4, $5, $6) RETURNING "id"[0m  [["title", "tiny belt"], ["description", "A great tiny belt"], ["owner", "Ira Levin"], ["category_id", 8], ["created_at", "2020-03-12 16:01:23.433097"], ["updated_at", "2020-03-12 16:01:23.433097"]]
  [1m[35m (0.4ms)[0m  [1m[35mCOMMIT[0m
  [1m[35m (0.1ms)[0m  [1m[35mBEGIN[0m
  [1m[36mItem Create (0.3ms)[0m  [1m[32mINSERT INTO "items" ("title", "description", "owner", "category_id", "created_at", "updated_at") VALUES ($1, $2, $3, $4, $5, $6) RETURNING "id"[0m  [["title", "tiny wallet"], ["description", "The perfect tiny wallet"], ["owner", "George Benson"], ["category_id", 7], ["created_at", "2020-03-12 16:01:23.437136"], ["updated_at", "2020-03-12 16:01:23.437136"]]
  [1m[35m (0.3ms)[0m  [1m[35mCOMMIT[0m
  [1m[35m (0.1ms)[0m  [1m[35mBEGIN[0m
  [1m[36mItem Create (0.3ms)[0m  [1m[32mINSERT INTO "items" ("title", "description", "owner", "category_id", "created_at", "updated_at") VALUES ($1, $2, $3, $4, $5, $6) RETURNING "id"[0m  [["title", "tiny belt"], ["description", "My favorite tiny belt"], ["owner", "George Benson"], ["category_id", 7], ["created_at", "2020-03-12 16:01:23.440489"], ["updated_at", "2020-03-12 16:01:23.440489"]]
  [1m[35m (0.6ms)[0m  [1m[35mCOMMIT[0m
  [1m[35m (0.1ms)[0m  [1m[35mBEGIN[0m
  [1m[36mItem Create (0.3ms)[0m  [1m[32mINSERT INTO "items" ("title", "description", "owner", "category_id", "created_at", "updated_at") VALUES ($1, $2, $3, $4, $5, $6) RETURNING "id"[0m  [["title", "green wallet"], ["description", "The perfect green wallet"], ["owner", "Jane Smith"], ["category_id", 8], ["created_at", "2020-03-12 16:01:23.444135"], ["updated_at", "2020-03-12 16:01:23.444135"]]
  [1m[35m (0.4ms)[0m  [1m[35mCOMMIT[0m
  [1m[35m (0.1ms)[0m  [1m[35mBEGIN[0m
  [1m[36mItem Create (0.4ms)[0m  [1m[32mINSERT INTO "items" ("title", "description", "owner", "category_id", "created_at", "updated_at") VALUES ($1, $2, $3, $4, $5, $6) RETURNING "id"[0m  [["title", "red shoes"], ["description", "A great red shoes"], ["owner", "Ira Levin"], ["category_id", 7], ["created_at", "2020-03-12 16:01:23.447489"], ["updated_at", "2020-03-12 16:01:23.447489"]]
  [1m[35m (0.4ms)[0m  [1m[35mCOMMIT[0m
  [1m[35m (0.1ms)[0m  [1m[35mBEGIN[0m
  [1m[36mItem Create (0.3ms)[0m  [1m[32mINSERT INTO "items" ("title", "description", "owner", "category_id", "created_at", "updated_at") VALUES ($1, $2, $3, $4, $5, $6) RETURNING "id"[0m  [["title", "white shoes"], ["description", "My favorite white shoes"], ["owner", "Jane Smith"], ["category_id", 7], ["created_at", "2020-03-12 16:01:23.451086"], ["updated_at", "2020-03-12 16:01:23.451086"]]
  [1m[35m (0.3ms)[0m  [1m[35mCOMMIT[0m
  [1m[35m (0.1ms)[0m  [1m[35mBEGIN[0m
  [1m[36mItem Create (0.3ms)[0m  [1m[32mINSERT INTO "items" ("title", "description", "owner", "category_id", "created_at", "updated_at") VALUES ($1, $2, $3, $4, $5, $6) RETURNING "id"[0m  [["title", "brown shoes"], ["description", "My favorite brown shoes"], ["owner", "Jane Smith"], ["category_id", 7], ["created_at", "2020-03-12 16:01:23.454334"], ["updated_at", "2020-03-12 16:01:23.454334"]]
  [1m[35m (0.4ms)[0m  [1m[35mCOMMIT[0m
  [1m[35m (0.1ms)[0m  [1m[35mBEGIN[0m
  [1m[36mItem Create (0.3ms)[0m  [1m[32mINSERT INTO "items" ("title", "description", "owner", "category_id", "created_at", "updated_at") VALUES ($1, $2, $3, $4, $5, $6) RETURNING "id"[0m  [["title", "white belt"], ["description", "A great white belt"], ["owner", "George Benson"], ["category_id", 6], ["created_at", "2020-03-12 16:01:23.457716"], ["updated_at", "2020-03-12 16:01:23.457716"]]
  [1m[35m (0.5ms)[0m  [1m[35mCOMMIT[0m
  [1m[35m (0.1ms)[0m  [1m[35mBEGIN[0m
  [1m[36mItem Create (0.4ms)[0m  [1m[32mINSERT INTO "items" ("title", "description", "owner", "category_id", "created_at", "updated_at") VALUES ($1, $2, $3, $4, $5, $6) RETURNING "id"[0m  [["title", "white wallet"], ["description", "My favorite white wallet"], ["owner", "George Benson"], ["category_id", 5], ["created_at", "2020-03-12 16:01:23.461126"], ["updated_at", "2020-03-12 16:01:23.461126"]]
  [1m[35m (0.3ms)[0m  [1m[35mCOMMIT[0m
  [1m[35m (0.1ms)[0m  [1m[35mBEGIN[0m
  [1m[36mItem Create (0.2ms)[0m  [1m[32mINSERT INTO "items" ("title", "description", "owner", "category_id", "created_at", "updated_at") VALUES ($1, $2, $3, $4, $5, $6) RETURNING "id"[0m  [["title", "red wallet"], ["description", "My favorite red wallet"], ["owner", "Jane Smith"], ["category_id", 6], ["created_at", "2020-03-12 16:01:23.480555"], ["updated_at", "2020-03-12 16:01:23.480555"]]
  [1m[35m (0.3ms)[0m  [1m[35mCOMMIT[0m
  [1m[35m (0.1ms)[0m  [1m[35mBEGIN[0m
  [1m[36mItem Create (0.2ms)[0m  [1m[32mINSERT INTO "items" ("title", "description", "owner", "category_id", "created_at", "updated_at") VALUES ($1, $2, $3, $4, $5, $6) RETURNING "id"[0m  [["title", "white wallet"], ["description", "My favorite white wallet"], ["owner", "Jane Smith"], ["category_id", 7], ["created_at", "2020-03-12 16:01:23.483722"], ["updated_at", "2020-03-12 16:01:23.483722"]]
  [1m[35m (0.9ms)[0m  [1m[35mCOMMIT[0m
  [1m[35m (0.1ms)[0m  [1m[35mBEGIN[0m
  [1m[36mItem Create (0.3ms)[0m  [1m[32mINSERT INTO "items" ("title", "description", "owner", "category_id", "created_at", "updated_at") VALUES ($1, $2, $3, $4, $5, $6) RETURNING "id"[0m  [["title", "tiny shoes"], ["description", "A great tiny shoes"], ["owner", "Jane Smith"], ["category_id", 6], ["created_at", "2020-03-12 16:01:23.488487"], ["updated_at", "2020-03-12 16:01:23.488487"]]
  [1m[35m (0.3ms)[0m  [1m[35mCOMMIT[0m
  [1m[35m (0.1ms)[0m  [1m[35mBEGIN[0m
  [1m[36mItem Create (0.3ms)[0m  [1m[32mINSERT INTO "items" ("title", "description", "owner", "category_id", "created_at", "updated_at") VALUES ($1, $2, $3, $4, $5, $6) RETURNING "id"[0m  [["title", "brown belt"], ["description", "The perfect brown belt"], ["owner", "Jane Smith"], ["category_id", 8], ["created_at", "2020-03-12 16:01:23.491865"], ["updated_at", "2020-03-12 16:01:23.491865"]]
  [1m[35m (0.3ms)[0m  [1m[35mCOMMIT[0m
  [1m[35m (0.2ms)[0m  [1m[35mBEGIN[0m
  [1m[36mItem Create (0.5ms)[0m  [1m[32mINSERT INTO "items" ("title", "description", "owner", "category_id", "created_at", "updated_at") VALUES ($1, $2, $3, $4, $5, $6) RETURNING "id"[0m  [["title", "brown belt"], ["description", "The perfect brown belt"], ["owner", "Jane Smith"], ["category_id", 7], ["created_at", "2020-03-12 16:01:23.495269"], ["updated_at", "2020-03-12 16:01:23.495269"]]
  [1m[35m (0.4ms)[0m  [1m[35mCOMMIT[0m
  [1m[35m (0.1ms)[0m  [1m[35mBEGIN[0m
  [1m[36mItem Create (0.4ms)[0m  [1m[32mINSERT INTO "items" ("title", "description", "owner", "category_id", "created_at", "updated_at") VALUES ($1, $2, $3, $4, $5, $6) RETURNING "id"[0m  [["title", "brown shoes"], ["description", "My favorite brown shoes"], ["owner", "George Benson"], ["category_id", 7], ["created_at", "2020-03-12 16:01:23.500103"], ["updated_at", "2020-03-12 16:01:23.500103"]]
  [1m[35m (0.3ms)[0m  [1m[35mCOMMIT[0m
  [1m[35m (0.2ms)[0m  [1m[35mBEGIN[0m
  [1m[36mItem Create (0.3ms)[0m  [1m[32mINSERT INTO "items" ("title", "description", "owner", "category_id", "created_at", "updated_at") VALUES ($1, $2, $3, $4, $5, $6) RETURNING "id"[0m  [["title", "white belt"], ["description", "A great white belt"], ["owner", "George Benson"], ["category_id", 8], ["created_at", "2020-03-12 16:01:23.503932"], ["updated_at", "2020-03-12 16:01:23.503932"]]
  [1m[35m (0.4ms)[0m  [1m[35mCOMMIT[0m
  [1m[35m (0.1ms)[0m  [1m[35mBEGIN[0m
  [1m[36mItem Create (0.3ms)[0m  [1m[32mINSERT INTO "items" ("title", "description", "owner", "category_id", "created_at", "updated_at") VALUES ($1, $2, $3, $4, $5, $6) RETURNING "id"[0m  [["title", "tiny wallet"], ["description", "My favorite tiny wallet"], ["owner", "George Benson"], ["category_id", 7], ["created_at", "2020-03-12 16:01:23.507860"], ["updated_at", "2020-03-12 16:01:23.507860"]]
  [1m[35m (0.4ms)[0m  [1m[35mCOMMIT[0m
  [1m[35m (0.1ms)[0m  [1m[35mBEGIN[0m
  [1m[36mItem Create (0.3ms)[0m  [1m[32mINSERT INTO "items" ("title", "description", "owner", "category_id", "created_at", "updated_at") VALUES ($1, $2, $3, $4, $5, $6) RETURNING "id"[0m  [["title", "green belt"], ["description", "My favorite green belt"], ["owner", "Jane Smith"], ["category_id", 7], ["created_at", "2020-03-12 16:01:23.511223"], ["updated_at", "2020-03-12 16:01:23.511223"]]
  [1m[35m (0.3ms)[0m  [1m[35mCOMMIT[0m
  [1m[35m (0.1ms)[0m  [1m[35mBEGIN[0m
  [1m[36mItem Create (0.3ms)[0m  [1m[32mINSERT INTO "items" ("title", "description", "owner", "category_id", "created_at", "updated_at") VALUES ($1, $2, $3, $4, $5, $6) RETURNING "id"[0m  [["title", "brown shoes"], ["description", "My favorite brown shoes"], ["owner", "Ira Levin"], ["category_id", 6], ["created_at", "2020-03-12 16:01:23.514524"], ["updated_at", "2020-03-12 16:01:23.514524"]]
  [1m[35m (0.5ms)[0m  [1m[35mCOMMIT[0m
  [1m[35m (0.1ms)[0m  [1m[35mBEGIN[0m
  [1m[36mItem Create (0.2ms)[0m  [1m[32mINSERT INTO "items" ("title", "description", "owner", "category_id", "created_at", "updated_at") VALUES ($1, $2, $3, $4, $5, $6) RETURNING "id"[0m  [["title", "green belt"], ["description", "My favorite green belt"], ["owner", "Jane Smith"], ["category_id", 8], ["created_at", "2020-03-12 16:01:23.517850"], ["updated_at", "2020-03-12 16:01:23.517850"]]
  [1m[35m (0.3ms)[0m  [1m[35mCOMMIT[0m
  [1m[35m (0.1ms)[0m  [1m[35mBEGIN[0m
  [1m[36mItem Create (0.2ms)[0m  [1m[32mINSERT INTO "items" ("title", "description", "owner", "category_id", "created_at", "updated_at") VALUES ($1, $2, $3, $4, $5, $6) RETURNING "id"[0m  [["title", "brown shoes"], ["description", "A great brown shoes"], ["owner", "Jane Smith"], ["category_id", 8], ["created_at", "2020-03-12 16:01:23.520775"], ["updated_at", "2020-03-12 16:01:23.520775"]]
  [1m[35m (0.3ms)[0m  [1m[35mCOMMIT[0m
  [1m[35m (0.1ms)[0m  [1m[35mBEGIN[0m
  [1m[36mItem Create (0.3ms)[0m  [1m[32mINSERT INTO "items" ("title", "description", "owner", "category_id", "created_at", "updated_at") VALUES ($1, $2, $3, $4, $5, $6) RETURNING "id"[0m  [["title", "red shoes"], ["description", "The perfect red shoes"], ["owner", "Ira Levin"], ["category_id", 8], ["created_at", "2020-03-12 16:01:23.523631"], ["updated_at", "2020-03-12 16:01:23.523631"]]
  [1m[35m (0.3ms)[0m  [1m[35mCOMMIT[0m
  [1m[35m (0.1ms)[0m  [1m[35mBEGIN[0m
  [1m[36mItem Create (0.3ms)[0m  [1m[32mINSERT INTO "items" ("title", "description", "owner", "category_id", "created_at", "updated_at") VALUES ($1, $2, $3, $4, $5, $6) RETURNING "id"[0m  [["title", "green belt"], ["description", "The perfect green belt"], ["owner", "Jane Smith"], ["category_id", 5], ["created_at", "2020-03-12 16:01:23.526697"], ["updated_at", "2020-03-12 16:01:23.526697"]]
  [1m[35m (0.3ms)[0m  [1m[35mCOMMIT[0m
  [1m[35m (0.2ms)[0m  [1m[35mBEGIN[0m
  [1m[36mItem Create (0.5ms)[0m  [1m[32mINSERT INTO "items" ("title", "description", "owner", "category_id", "created_at", "updated_at") VALUES ($1, $2, $3, $4, $5, $6) RETURNING "id"[0m  [["title", "green belt"], ["description", "My favorite green belt"], ["owner", "Jane Smith"], ["category_id", 7], ["created_at", "2020-03-12 16:01:23.529845"], ["updated_at", "2020-03-12 16:01:23.529845"]]
  [1m[35m (0.4ms)[0m  [1m[35mCOMMIT[0m
  [1m[35m (0.1ms)[0m  [1m[35mBEGIN[0m
  [1m[36mItem Create (0.4ms)[0m  [1m[32mINSERT INTO "items" ("title", "description", "owner", "category_id", "created_at", "updated_at") VALUES ($1, $2, $3, $4, $5, $6) RETURNING "id"[0m  [["title", "green belt"], ["description", "A great green belt"], ["owner", "George Benson"], ["category_id", 7], ["created_at", "2020-03-12 16:01:23.534277"], ["updated_at", "2020-03-12 16:01:23.534277"]]
  [1m[35m (0.4ms)[0m  [1m[35mCOMMIT[0m
  [1m[35m (0.1ms)[0m  [1m[35mBEGIN[0m
  [1m[36mItem Create (0.3ms)[0m  [1m[32mINSERT INTO "items" ("title", "description", "owner", "category_id", "created_at", "updated_at") VALUES ($1, $2, $3, $4, $5, $6) RETURNING "id"[0m  [["title", "red belt"], ["description", "A great red belt"], ["owner", "Jane Smith"], ["category_id", 7], ["created_at", "2020-03-12 16:01:23.537904"], ["updated_at", "2020-03-12 16:01:23.537904"]]
  [1m[35m (0.4ms)[0m  [1m[35mCOMMIT[0m
  [1m[35m (0.1ms)[0m  [1m[35mBEGIN[0m
  [1m[36mItem Create (0.3ms)[0m  [1m[32mINSERT INTO "items" ("title", "description", "owner", "category_id", "created_at", "updated_at") VALUES ($1, $2, $3, $4, $5, $6) RETURNING "id"[0m  [["title", "white shoes"], ["description", "My favorite white shoes"], ["owner", "Jane Smith"], ["category_id", 8], ["created_at", "2020-03-12 16:01:23.541250"], ["updated_at", "2020-03-12 16:01:23.541250"]]
  [1m[35m (0.3ms)[0m  [1m[35mCOMMIT[0m
  [1m[35m (0.1ms)[0m  [1m[35mBEGIN[0m
  [1m[36mItem Create (0.3ms)[0m  [1m[32mINSERT INTO "items" ("title", "description", "owner", "category_id", "created_at", "updated_at") VALUES ($1, $2, $3, $4, $5, $6) RETURNING "id"[0m  [["title", "green shoes"], ["description", "A great green shoes"], ["owner", "Ira Levin"], ["category_id", 5], ["created_at", "2020-03-12 16:01:23.544570"], ["updated_at", "2020-03-12 16:01:23.544570"]]
  [1m[35m (0.3ms)[0m  [1m[35mCOMMIT[0m
  [1m[35m (0.1ms)[0m  [1m[35mBEGIN[0m
  [1m[36mItem Create (0.3ms)[0m  [1m[32mINSERT INTO "items" ("title", "description", "owner", "category_id", "created_at", "updated_at") VALUES ($1, $2, $3, $4, $5, $6) RETURNING "id"[0m  [["title", "brown belt"], ["description", "My favorite brown belt"], ["owner", "George Benson"], ["category_id", 5], ["created_at", "2020-03-12 16:01:23.547722"], ["updated_at", "2020-03-12 16:01:23.547722"]]
  [1m[35m (0.4ms)[0m  [1m[35mCOMMIT[0m
  [1m[35m (0.1ms)[0m  [1m[35mBEGIN[0m
  [1m[36mItem Create (0.2ms)[0m  [1m[32mINSERT INTO "items" ("title", "description", "owner", "category_id", "created_at", "updated_at") VALUES ($1, $2, $3, $4, $5, $6) RETURNING "id"[0m  [["title", "green wallet"], ["description", "A great green wallet"], ["owner", "Ira Levin"], ["category_id", 8], ["created_at", "2020-03-12 16:01:23.550866"], ["updated_at", "2020-03-12 16:01:23.550866"]]
  [1m[35m (0.3ms)[0m  [1m[35mCOMMIT[0m
  [1m[35m (0.1ms)[0m  [1m[35mBEGIN[0m
  [1m[36mItem Create (0.2ms)[0m  [1m[32mINSERT INTO "items" ("title", "description", "owner", "category_id", "created_at", "updated_at") VALUES ($1, $2, $3, $4, $5, $6) RETURNING "id"[0m  [["title", "tiny shoes"], ["description", "A great tiny shoes"], ["owner", "Ira Levin"], ["category_id", 6], ["created_at", "2020-03-12 16:01:23.553916"], ["updated_at", "2020-03-12 16:01:23.553916"]]
  [1m[35m (0.4ms)[0m  [1m[35mCOMMIT[0m
  [1m[35m (0.1ms)[0m  [1m[35mBEGIN[0m
  [1m[36mItem Create (0.3ms)[0m  [1m[32mINSERT INTO "items" ("title", "description", "owner", "category_id", "created_at", "updated_at") VALUES ($1, $2, $3, $4, $5, $6) RETURNING "id"[0m  [["title", "green belt"], ["description", "My favorite green belt"], ["owner", "George Benson"], ["category_id", 8], ["created_at", "2020-03-12 16:01:23.557000"], ["updated_at", "2020-03-12 16:01:23.557000"]]
  [1m[35m (0.3ms)[0m  [1m[35mCOMMIT[0m
  [1m[35m (0.1ms)[0m  [1m[35mBEGIN[0m
  [1m[36mItem Create (0.3ms)[0m  [1m[32mINSERT INTO "items" ("title", "description", "owner", "category_id", "created_at", "updated_at") VALUES ($1, $2, $3, $4, $5, $6) RETURNING "id"[0m  [["title", "tiny wallet"], ["description", "The perfect tiny wallet"], ["owner", "Jane Smith"], ["category_id", 6], ["created_at", "2020-03-12 16:01:23.560815"], ["updated_at", "2020-03-12 16:01:23.560815"]]
  [1m[35m (0.3ms)[0m  [1m[35mCOMMIT[0m
  [1m[35m (0.2ms)[0m  [1m[35mBEGIN[0m
  [1m[36mItem Create (0.3ms)[0m  [1m[32mINSERT INTO "items" ("title", "description", "owner", "category_id", "created_at", "updated_at") VALUES ($1, $2, $3, $4, $5, $6) RETURNING "id"[0m  [["title", "brown wallet"], ["description", "A great brown wallet"], ["owner", "Ira Levin"], ["category_id", 7], ["created_at", "2020-03-12 16:01:23.563945"], ["updated_at", "2020-03-12 16:01:23.563945"]]
  [1m[35m (0.3ms)[0m  [1m[35mCOMMIT[0m
  [1m[35m (0.2ms)[0m  [1m[35mBEGIN[0m
  [1m[36mItem Create (0.2ms)[0m  [1m[32mINSERT INTO "items" ("title", "description", "owner", "category_id", "created_at", "updated_at") VALUES ($1, $2, $3, $4, $5, $6) RETURNING "id"[0m  [["title", "brown wallet"], ["description", "A great brown wallet"], ["owner", "Jane Smith"], ["category_id", 5], ["created_at", "2020-03-12 16:01:23.567026"], ["updated_at", "2020-03-12 16:01:23.567026"]]
  [1m[35m (0.3ms)[0m  [1m[35mCOMMIT[0m
  [1m[35m (0.1ms)[0m  [1m[35mBEGIN[0m
  [1m[36mItem Create (0.2ms)[0m  [1m[32mINSERT INTO "items" ("title", "description", "owner", "category_id", "created_at", "updated_at") VALUES ($1, $2, $3, $4, $5, $6) RETURNING "id"[0m  [["title", "brown wallet"], ["description", "The perfect brown wallet"], ["owner", "Jane Smith"], ["category_id", 5], ["created_at", "2020-03-12 16:01:23.569895"], ["updated_at", "2020-03-12 16:01:23.569895"]]
  [1m[35m (0.3ms)[0m  [1m[35mCOMMIT[0m
  [1m[35m (0.1ms)[0m  [1m[35mBEGIN[0m
  [1m[36mItem Create (0.3ms)[0m  [1m[32mINSERT INTO "items" ("title", "description", "owner", "category_id", "created_at", "updated_at") VALUES ($1, $2, $3, $4, $5, $6) RETURNING "id"[0m  [["title", "tiny belt"], ["description", "A great tiny belt"], ["owner", "Jane Smith"], ["category_id", 7], ["created_at", "2020-03-12 16:01:23.572762"], ["updated_at", "2020-03-12 16:01:23.572762"]]
  [1m[35m (0.4ms)[0m  [1m[35mCOMMIT[0m
  [1m[35m (0.1ms)[0m  [1m[35mBEGIN[0m
  [1m[36mItem Create (0.3ms)[0m  [1m[32mINSERT INTO "items" ("title", "description", "owner", "category_id", "created_at", "updated_at") VALUES ($1, $2, $3, $4, $5, $6) RETURNING "id"[0m  [["title", "green shoes"], ["description", "The perfect green shoes"], ["owner", "Ira Levin"], ["category_id", 7], ["created_at", "2020-03-12 16:01:23.576195"], ["updated_at", "2020-03-12 16:01:23.576195"]]
  [1m[35m (0.4ms)[0m  [1m[35mCOMMIT[0m
  [1m[35m (0.1ms)[0m  [1m[35mBEGIN[0m
  [1m[36mItem Create (0.2ms)[0m  [1m[32mINSERT INTO "items" ("title", "description", "owner", "category_id", "created_at", "updated_at") VALUES ($1, $2, $3, $4, $5, $6) RETURNING "id"[0m  [["title", "brown wallet"], ["description", "The perfect brown wallet"], ["owner", "Jane Smith"], ["category_id", 5], ["created_at", "2020-03-12 16:01:23.579312"], ["updated_at", "2020-03-12 16:01:23.579312"]]
  [1m[35m (0.3ms)[0m  [1m[35mCOMMIT[0m
Started GET "/" for 127.0.0.1 at 2020-03-12 12:01:49 -0400
  [1m[35m (0.6ms)[0m  [1m[34mSELECT "schema_migrations"."version" FROM "schema_migrations" ORDER BY "schema_migrations"."version" ASC[0m

SyntaxError - syntax error, unexpected backslash
...where(query_string, "%#{params\[:title\]}%")
...                              ^
/Users/pitosalas/mydev/public_samples/rails_examples/handsonforms/app/controllers/items_controller.rb:83: unterminated string meets end of file
/Users/pitosalas/mydev/public_samples/rails_examples/handsonforms/app/controllers/items_controller.rb:83: syntax error, unexpected end-of-input, expecting tSTRING_DEND:
  app/controllers/items_controller.rb:11:in `'

Started POST "/__better_errors/ddca35e50825607c/variables" for 127.0.0.1 at 2020-03-12 12:01:49 -0400
Started GET "/" for 127.0.0.1 at 2020-03-12 12:02:17 -0400
Processing by ItemsController#index as HTML
  Rendering items/index.html.erb within layouts/application
  Rendered items/index.html.erb within layouts/application (Duration: 3.5ms | Allocations: 449)
[Webpacker] Compiling...
[Webpacker] Compiled all packs in /Users/pitosalas/mydev/public_samples/rails_examples/handsonforms/public/packs
[Webpacker] Hash: 6249d34a60b5b41e803f
Version: webpack 4.42.0
Time: 1525ms
Built at: 03/12/2020 12:02:20 PM
                                     Asset       Size       Chunks                         Chunk Names
    js/application-e432d36ab9763137ce3c.js   89.1 KiB  application  [emitted] [immutable]  application
js/application-e432d36ab9763137ce3c.js.map   97.9 KiB  application  [emitted] [dev]        application
                             manifest.json  364 bytes               [emitted]              
Entrypoint application = js/application-e432d36ab9763137ce3c.js js/application-e432d36ab9763137ce3c.js.map
[./app/javascript/channels sync recursive _channel\.js$] ./app/javascript/channels sync _channel\.js$ 160 bytes {application} [built]
[./app/javascript/channels/index.js] 211 bytes {application} [built]
[./app/javascript/packs/application.js] 707 bytes {application} [built]
[./node_modules/webpack/buildin/module.js] (webpack)/buildin/module.js 552 bytes {application} [built]
    + 2 hidden modules

Completed 200 OK in 3422ms (Views: 3406.1ms | ActiveRecord: 0.0ms | Allocations: 32375)


Started GET "/" for 127.0.0.1 at 2020-03-12 12:02:47 -0400
Processing by ItemsController#index as HTML
  Rendering items/index.html.erb within layouts/application
  [1m[36mItem Load (32.4ms)[0m  [1m[34mSELECT "items".* FROM "items"[0m
  ↳ app/views/items/_index.html.erb:13
  Rendered items/_index.html.erb (Duration: 154.0ms | Allocations: 12460)
  Rendered items/index.html.erb within layouts/application (Duration: 155.8ms | Allocations: 12869)
[Webpacker] Everything's up-to-date. Nothing to do
Completed 200 OK in 168ms (Views: 43.7ms | ActiveRecord: 121.7ms | Allocations: 17677)


Started GET "/items/1" for 127.0.0.1 at 2020-03-12 12:02:52 -0400
Processing by ItemsController#show as HTML
  Parameters: {"id"=>"1"}
  [1m[36mItem Load (3.0ms)[0m  [1m[34mSELECT "items".* FROM "items" WHERE "items"."id" = $1 LIMIT $2[0m  [["id", 1], ["LIMIT", 1]]
  ↳ app/controllers/items_controller.rb:76:in `set_item'
  Rendering items/show.html.erb within layouts/application
  Rendered items/show.html.erb within layouts/application (Duration: 0.8ms | Allocations: 309)
[Webpacker] Everything's up-to-date. Nothing to do
Completed 200 OK in 114ms (Views: 65.9ms | ActiveRecord: 14.1ms | Allocations: 7065)


Started GET "/items/search" for 127.0.0.1 at 2020-03-12 12:03:24 -0400
Processing by ItemsController#search as HTML
  Rendering items/search.html.erb within layouts/application
  Rendered items/search.html.erb within layouts/application (Duration: 14.4ms | Allocations: 5642)
Completed 500 Internal Server Error in 18ms (ActiveRecord: 0.0ms | Allocations: 6209)



NameError - uninitialized constant ActionView::Template::SyntaxErrorInTemplate
Did you mean?  ActionView::SyntaxErrorInTemplate:

Started POST "/__better_errors/f9db0dba5729b3e5/variables" for 127.0.0.1 at 2020-03-12 12:03:24 -0400
Started GET "/items/search" for 127.0.0.1 at 2020-03-12 12:04:00 -0400
Processing by ItemsController#search as HTML
  Rendering items/search.html.erb within layouts/application
  Rendered items/search.html.erb within layouts/application (Duration: 3.0ms | Allocations: 383)
[Webpacker] Everything's up-to-date. Nothing to do
Completed 200 OK in 16ms (Views: 14.6ms | ActiveRecord: 0.0ms | Allocations: 5155)


Started GET "/items/search" for 127.0.0.1 at 2020-03-12 12:04:17 -0400
Processing by ItemsController#search as HTML
  Rendering items/search.html.erb within layouts/application
  Rendered items/search.html.erb within layouts/application (Duration: 0.7ms | Allocations: 1136)
Completed 500 Internal Server Error in 3ms (ActiveRecord: 0.0ms | Allocations: 2111)



SyntaxError - syntax error, unexpected backslash, expecting ')'
            \[['only matching', "match"\],
            ^
/Users/pitosalas/mydev/public_samples/rails_examples/handsonforms/app/views/items/search.html.erb:14: syntax error, unexpected backslash, expecting ']'
...   \[['only matching', "match"\],
...                              ^
/Users/pitosalas/mydev/public_samples/rails_examples/handsonforms/app/views/items/search.html.erb:15: syntax error, unexpected backslash, expecting ']'
...'only non matching', "nomatch"\]
...                              ^
/Users/pitosalas/mydev/public_samples/rails_examples/handsonforms/app/views/items/search.html.erb:16: syntax error, unexpected ')', expecting end
...   ]), class: "form-control") );@output_buffer.safe_append='
...                              ^
/Users/pitosalas/mydev/public_samples/rails_examples/handsonforms/app/views/items/search.html.erb:24: syntax error, unexpected end, expecting end-of-input
          end
          ^~~:
  app/views/items/search.html.erb:14:in `'

Started POST "/__better_errors/96674e3864b32687/variables" for 127.0.0.1 at 2020-03-12 12:04:17 -0400
Started GET "/items/search" for 127.0.0.1 at 2020-03-12 12:04:42 -0400
Processing by ItemsController#search as HTML
  Rendering items/search.html.erb within layouts/application
  Rendered items/search.html.erb within layouts/application (Duration: 1.3ms | Allocations: 443)
[Webpacker] Everything's up-to-date. Nothing to do
Completed 200 OK in 20ms (Views: 18.8ms | ActiveRecord: 0.0ms | Allocations: 5223)


Started GET "/items/do_search?title=the&match_no_match=nomatch&commit=Search" for 127.0.0.1 at 2020-03-12 12:04:48 -0400
Processing by ItemsController#do_search as HTML
  Parameters: {"title"=>"the", "match_no_match"=>"nomatch", "commit"=>"Search"}
Completed 406 Not Acceptable in 3ms (ActiveRecord: 0.0ms | Allocations: 1149)



ActionController::MissingExactTemplate - ItemsController#do_search is missing a template for request formats: text/html:

Started POST "/__better_errors/7014e701cfdaa226/variables" for 127.0.0.1 at 2020-03-12 12:04:48 -0400
  [1m[36mItem Load (0.8ms)[0m  [1m[34mSELECT "items".* FROM "items" WHERE ( NOT title LIKE '%the%') LIMIT $1[0m  [["LIMIT", 11]]
Started GET "/items/do_search?title=the&match_no_match=nomatch&commit=Search" for 127.0.0.1 at 2020-03-12 12:07:23 -0400
Processing by ItemsController#do_search as HTML
  Parameters: {"title"=>"the", "match_no_match"=>"nomatch", "commit"=>"Search"}
  Rendering items/search.html.erb within layouts/application
  [1m[36mItem Load (0.6ms)[0m  [1m[34mSELECT "items".* FROM "items" WHERE ( NOT title LIKE '%the%')[0m
  ↳ app/views/items/_index.html.erb:13
  Rendered items/_index.html.erb (Duration: 28.8ms | Allocations: 11990)
  Rendered items/search.html.erb within layouts/application (Duration: 30.1ms | Allocations: 12654)
[Webpacker] Everything's up-to-date. Nothing to do
Completed 200 OK in 42ms (Views: 33.6ms | ActiveRecord: 4.9ms | Allocations: 18536)


Started GET "/items/do_search?title=red&match_no_match=match&commit=Search" for 127.0.0.1 at 2020-03-12 12:07:31 -0400
Processing by ItemsController#do_search as HTML
  Parameters: {"title"=>"red", "match_no_match"=>"match", "commit"=>"Search"}
  Rendering items/search.html.erb within layouts/application
  [1m[36mItem Load (0.6ms)[0m  [1m[34mSELECT "items".* FROM "items" WHERE (title LIKE '%red%')[0m
  ↳ app/views/items/_index.html.erb:13
  Rendered items/_index.html.erb (Duration: 3.9ms | Allocations: 1717)
  Rendered items/search.html.erb within layouts/application (Duration: 4.4ms | Allocations: 2011)
[Webpacker] Everything's up-to-date. Nothing to do
Completed 200 OK in 13ms (Views: 12.0ms | ActiveRecord: 0.6ms | Allocations: 6098)


Started GET "/items/do_search?title=&match_no_match=nomatch&commit=Search" for 127.0.0.1 at 2020-03-12 12:07:54 -0400
Processing by ItemsController#do_search as HTML
  Parameters: {"title"=>"", "match_no_match"=>"nomatch", "commit"=>"Search"}
  Rendering items/search.html.erb within layouts/application
  [1m[36mItem Load (0.3ms)[0m  [1m[34mSELECT "items".* FROM "items" WHERE ( NOT title LIKE '%%')[0m
  ↳ app/views/items/_index.html.erb:13
  Rendered items/_index.html.erb (Duration: 1.6ms | Allocations: 887)
  Rendered items/search.html.erb within layouts/application (Duration: 2.8ms | Allocations: 1543)
[Webpacker] Everything's up-to-date. Nothing to do
Completed 200 OK in 11ms (Views: 9.6ms | ActiveRecord: 0.3ms | Allocations: 6338)


Started GET "/items/do_search?title=blue&match_no_match=match&commit=Search" for 127.0.0.1 at 2020-03-12 12:08:00 -0400
Processing by ItemsController#do_search as HTML
  Parameters: {"title"=>"blue", "match_no_match"=>"match", "commit"=>"Search"}
  Rendering items/search.html.erb within layouts/application
  [1m[36mItem Load (0.4ms)[0m  [1m[34mSELECT "items".* FROM "items" WHERE (title LIKE '%blue%')[0m
  ↳ app/views/items/_index.html.erb:13
  Rendered items/_index.html.erb (Duration: 1.7ms | Allocations: 641)
  Rendered items/search.html.erb within layouts/application (Duration: 3.6ms | Allocations: 935)
[Webpacker] Everything's up-to-date. Nothing to do
Completed 200 OK in 11ms (Views: 10.0ms | ActiveRecord: 0.4ms | Allocations: 5006)


Started GET "/items/do_search?title=red&match_no_match=nomatch&commit=Search" for 127.0.0.1 at 2020-03-12 12:08:07 -0400
Processing by ItemsController#do_search as HTML
  Parameters: {"title"=>"red", "match_no_match"=>"nomatch", "commit"=>"Search"}
  Rendering items/search.html.erb within layouts/application
  [1m[36mItem Load (1.0ms)[0m  [1m[34mSELECT "items".* FROM "items" WHERE ( NOT title LIKE '%red%')[0m
  ↳ app/views/items/_index.html.erb:13
  Rendered items/_index.html.erb (Duration: 9.4ms | Allocations: 6281)
  Rendered items/search.html.erb within layouts/application (Duration: 10.0ms | Allocations: 6570)
[Webpacker] Everything's up-to-date. Nothing to do
Completed 200 OK in 17ms (Views: 15.2ms | ActiveRecord: 1.0ms | Allocations: 10648)


Started GET "/items/do_search?title=red&match_no_match=nomatch&commit=Search" for 127.0.0.1 at 2020-03-12 12:26:22 -0400
Processing by ItemsController#do_search as HTML
  Parameters: {"title"=>"red", "match_no_match"=>"nomatch", "commit"=>"Search"}
  Rendering items/search.html.erb within layouts/application
  [1m[36mItem Load (0.9ms)[0m  [1m[34mSELECT "items".* FROM "items" WHERE ( NOT title LIKE '%red%')[0m
  ↳ app/views/items/_index.html.erb:13
  Rendered items/_index.html.erb (Duration: 16.4ms | Allocations: 6367)
  Rendered items/search.html.erb within layouts/application (Duration: 17.1ms | Allocations: 6656)
[Webpacker] Everything's up-to-date. Nothing to do
Completed 200 OK in 28ms (Views: 26.0ms | ActiveRecord: 0.9ms | Allocations: 10728)


Started GET "/" for 127.0.0.1 at 2020-03-12 15:46:41 -0400
  [1m[35m (1.6ms)[0m  [1m[34mSELECT "schema_migrations"."version" FROM "schema_migrations" ORDER BY "schema_migrations"."version" ASC[0m
Processing by ItemsController#index as HTML
  Rendering items/index.html.erb within layouts/application
  [1m[36mItem Load (48.8ms)[0m  [1m[34mSELECT "items".* FROM "items"[0m
  ↳ app/views/items/_index.html.erb:13
  Rendered items/_index.html.erb (Duration: 353.3ms | Allocations: 12484)
  Rendered items/index.html.erb within layouts/application (Duration: 357.3ms | Allocations: 13005)
[Webpacker] Everything's up-to-date. Nothing to do
Completed 200 OK in 551ms (Views: 298.6ms | ActiveRecord: 201.4ms | Allocations: 23196)


Started GET "/items/1/edit" for 127.0.0.1 at 2020-03-12 15:46:57 -0400
Processing by ItemsController#edit as HTML
  Parameters: {"id"=>"1"}
  [1m[36mItem Load (95.5ms)[0m  [1m[34mSELECT "items".* FROM "items" WHERE "items"."id" = $1 LIMIT $2[0m  [["id", 1], ["LIMIT", 1]]
  ↳ app/controllers/items_controller.rb:77:in `set_item'
  Rendering items/edit.html.erb within layouts/application
  Rendered items/_form.html.erb (Duration: 880.2ms | Allocations: 7978)
  Rendered items/edit.html.erb within layouts/application (Duration: 886.1ms | Allocations: 8376)
[Webpacker] Everything's up-to-date. Nothing to do
Completed 200 OK in 1031ms (Views: 916.1ms | ActiveRecord: 100.1ms | Allocations: 13678)


Started PATCH "/items/1" for 127.0.0.1 at 2020-03-12 16:06:51 -0400
Processing by ItemsController#update as HTML
  Parameters: {"authenticity_token"=>"6ZcAd8ZKrhbI2LxaT5luBYWEsivYF95g3EsMH0xDtfT0KLQMK6wvEg1wgVufy4YVnnRF4zcSOcPpwbLNL3JqVg==", "item"=>{"title"=>"red blue", "description"=>"My favorite red belt", "owner"=>"George Benson", "category_id"=>"5"}, "commit"=>"Update Item", "id"=>"1"}
  [1m[36mItem Load (1.5ms)[0m  [1m[34mSELECT "items".* FROM "items" WHERE "items"."id" = $1 LIMIT $2[0m  [["id", 1], ["LIMIT", 1]]
  ↳ app/controllers/items_controller.rb:77:in `set_item'
  [1m[35m (27.7ms)[0m  [1m[35mBEGIN[0m
  ↳ app/controllers/items_controller.rb:54:in `block in update'
  [1m[36mCategory Load (0.8ms)[0m  [1m[34mSELECT "categories".* FROM "categories" WHERE "categories"."id" = $1 LIMIT $2[0m  [["id", 5], ["LIMIT", 1]]
  ↳ app/controllers/items_controller.rb:54:in `block in update'
  [1m[36mItem Update (3.3ms)[0m  [1m[33mUPDATE "items" SET "title" = $1, "updated_at" = $2 WHERE "items"."id" = $3[0m  [["title", "red blue"], ["updated_at", "2020-03-12 20:06:52.828916"], ["id", 1]]
  ↳ app/controllers/items_controller.rb:54:in `block in update'
  [1m[35m (110.2ms)[0m  [1m[35mCOMMIT[0m
  ↳ app/controllers/items_controller.rb:54:in `block in update'
Redirected to http://0.0.0.0:3002/items/1
Completed 302 Found in 402ms (ActiveRecord: 306.3ms | Allocations: 11226)


Started GET "/items/1" for 127.0.0.1 at 2020-03-12 16:06:52 -0400
Processing by ItemsController#show as HTML
  Parameters: {"id"=>"1"}
  [1m[36mItem Load (131.3ms)[0m  [1m[34mSELECT "items".* FROM "items" WHERE "items"."id" = $1 LIMIT $2[0m  [["id", 1], ["LIMIT", 1]]
  ↳ app/controllers/items_controller.rb:77:in `set_item'
  Rendering items/show.html.erb within layouts/application
  Rendered items/show.html.erb within layouts/application (Duration: 2.3ms | Allocations: 307)
[Webpacker] Everything's up-to-date. Nothing to do
Completed 200 OK in 147ms (Views: 12.3ms | ActiveRecord: 131.3ms | Allocations: 5090)


Started GET "/items/100/edit" for 127.0.0.1 at 2020-03-12 16:11:33 -0400
Processing by ItemsController#edit as HTML
  Parameters: {"id"=>"100"}
  [1m[36mItem Load (499.3ms)[0m  [1m[34mSELECT "items".* FROM "items" WHERE "items"."id" = $1 LIMIT $2[0m  [["id", 100], ["LIMIT", 1]]
  ↳ app/controllers/items_controller.rb:77:in `set_item'
Completed 404 Not Found in 502ms (ActiveRecord: 499.3ms | Allocations: 1146)



ActiveRecord::RecordNotFound - Couldn't find Item with 'id'=100:
  app/controllers/items_controller.rb:77:in `set_item'

Started POST "/__better_errors/bf02af79801c63da/variables" for 127.0.0.1 at 2020-03-12 16:11:34 -0400
Started GET "/" for 127.0.0.1 at 2020-03-12 16:28:50 -0400
Processing by ItemsController#index as HTML
  Rendering items/index.html.erb within layouts/application
  [1m[36mItem Load (7.1ms)[0m  [1m[34mSELECT "items".* FROM "items"[0m
  ↳ app/views/items/_index.html.erb:13
  Rendered items/_index.html.erb (Duration: 26.9ms | Allocations: 7440)
  Rendered items/index.html.erb within layouts/application (Duration: 27.4ms | Allocations: 7571)
[Webpacker] Everything's up-to-date. Nothing to do
Completed 200 OK in 40ms (Views: 31.7ms | ActiveRecord: 7.1ms | Allocations: 11651)


Started GET "/items/1" for 127.0.0.1 at 2020-03-12 16:28:59 -0400
Processing by ItemsController#show as HTML
  Parameters: {"id"=>"1"}
  [1m[36mItem Load (21.3ms)[0m  [1m[34mSELECT "items".* FROM "items" WHERE "items"."id" = $1 LIMIT $2[0m  [["id", 1], ["LIMIT", 1]]
  ↳ app/controllers/items_controller.rb:77:in `set_item'
  Rendering items/show.html.erb within layouts/application
  Rendered items/show.html.erb within layouts/application (Duration: 0.3ms | Allocations: 87)
[Webpacker] Everything's up-to-date. Nothing to do
Completed 200 OK in 145ms (Views: 58.0ms | ActiveRecord: 62.3ms | Allocations: 4749)


Started GET "/items/search" for 127.0.0.1 at 2020-03-12 16:29:07 -0400
Processing by ItemsController#search as HTML
  Rendering items/search.html.erb within layouts/application
  Rendered items/_index.html.erb (Duration: 158.7ms | Allocations: 3483)
  Rendered items/search.html.erb within layouts/application (Duration: 170.0ms | Allocations: 3999)
Completed 500 Internal Server Error in 178ms (ActiveRecord: 0.0ms | Allocations: 4559)



NoMethodError - undefined method `each' for nil:NilClass:
  app/views/items/_index.html.erb:13
  app/views/items/search.html.erb:20
  app/views/items/search.html.erb:3

Started POST "/__better_errors/221c10746e8a623e/variables" for 127.0.0.1 at 2020-03-12 16:29:08 -0400
Started GET "/items/1" for 127.0.0.1 at 2020-03-12 16:31:58 -0400
Started GET "/items/1" for 127.0.0.1 at 2020-03-12 16:31:59 -0400
Processing by ItemsController#show as HTML
  Parameters: {"id"=>"1"}
  [1m[36mItem Load (228.0ms)[0m  [1m[34mSELECT "items".* FROM "items" WHERE "items"."id" = $1 LIMIT $2[0m  [["id", 1], ["LIMIT", 1]]
  ↳ app/controllers/items_controller.rb:77:in `set_item'
  Rendering items/show.html.erb within layouts/application
  Rendered items/show.html.erb within layouts/application (Duration: 5.5ms | Allocations: 91)
[Webpacker] Everything's up-to-date. Nothing to do
Completed 200 OK in 306ms (Views: 69.4ms | ActiveRecord: 228.0ms | Allocations: 4728)


Processing by ItemsController#show as HTML
  Parameters: {"id"=>"1"}
  [1m[36mItem Load (4.5ms)[0m  [1m[34mSELECT "items".* FROM "items" WHERE "items"."id" = $1 LIMIT $2[0m  [["id", 1], ["LIMIT", 1]]
  ↳ app/controllers/items_controller.rb:77:in `set_item'
  Rendering items/show.html.erb within layouts/application
  Rendered items/show.html.erb within layouts/application (Duration: 0.4ms | Allocations: 88)
[Webpacker] Everything's up-to-date. Nothing to do
Completed 200 OK in 69ms (Views: 55.9ms | ActiveRecord: 6.2ms | Allocations: 4835)


Started GET "/items" for 127.0.0.1 at 2020-03-12 16:32:01 -0400
Processing by ItemsController#index as HTML
  Rendering items/index.html.erb within layouts/application
  [1m[36mItem Load (31.8ms)[0m  [1m[34mSELECT "items".* FROM "items"[0m
  ↳ app/views/items/_index.html.erb:13
  Rendered items/_index.html.erb (Duration: 52.1ms | Allocations: 7351)
  Rendered items/index.html.erb within layouts/application (Duration: 54.9ms | Allocations: 7482)
[Webpacker] Everything's up-to-date. Nothing to do
Completed 200 OK in 70ms (Views: 37.2ms | ActiveRecord: 31.8ms | Allocations: 11537)


Started GET "/items/search" for 127.0.0.1 at 2020-03-12 16:32:06 -0400
Processing by ItemsController#search as HTML
  Rendering items/search.html.erb within layouts/application
  Rendered items/_index.html.erb (Duration: 1.4ms | Allocations: 1485)
  Rendered items/search.html.erb within layouts/application (Duration: 1.9ms | Allocations: 1748)
Completed 500 Internal Server Error in 3ms (ActiveRecord: 0.0ms | Allocations: 2181)



NoMethodError - undefined method `each' for nil:NilClass:
  app/views/items/_index.html.erb:13
  app/views/items/search.html.erb:20
  app/views/items/search.html.erb:3

Started POST "/__better_errors/a511895ac03e24e3/variables" for 127.0.0.1 at 2020-03-12 16:32:06 -0400
Started GET "/items" for 127.0.0.1 at 2020-03-12 16:33:27 -0400
Processing by ItemsController#index as HTML
  Rendering items/index.html.erb within layouts/application
  [1m[36mItem Load (0.5ms)[0m  [1m[34mSELECT "items".* FROM "items"[0m
  ↳ app/views/items/_index.html.erb:13
  Rendered items/_index.html.erb (Duration: 114.6ms | Allocations: 11805)
  Rendered items/index.html.erb within layouts/application (Duration: 115.8ms | Allocations: 11938)
[Webpacker] Everything's up-to-date. Nothing to do
Completed 200 OK in 137ms (Views: 119.4ms | ActiveRecord: 8.6ms | Allocations: 17224)


Started GET "/items/search" for 127.0.0.1 at 2020-03-12 16:33:33 -0400
Processing by ItemsController#search as HTML
Completed 404 Not Found in 1ms (ActiveRecord: 0.0ms | Allocations: 642)



ActiveRecord::RecordNotFound - Couldn't find Item without an ID:
  app/controllers/items_controller.rb:77:in `set_item'

Started POST "/__better_errors/8c48ae7e219b1f0d/variables" for 127.0.0.1 at 2020-03-12 16:33:34 -0400
Started GET "/items" for 127.0.0.1 at 2020-03-12 16:33:38 -0400
Processing by ItemsController#index as HTML
  Rendering items/index.html.erb within layouts/application
  [1m[36mItem Load (63.5ms)[0m  [1m[34mSELECT "items".* FROM "items"[0m
  ↳ app/views/items/_index.html.erb:13
  Rendered items/_index.html.erb (Duration: 90.3ms | Allocations: 7347)
  Rendered items/index.html.erb within layouts/application (Duration: 93.6ms | Allocations: 7476)
[Webpacker] Everything's up-to-date. Nothing to do
Completed 200 OK in 123ms (Views: 58.4ms | ActiveRecord: 63.5ms | Allocations: 11539)


Started GET "/items/search" for 127.0.0.1 at 2020-03-12 16:34:06 -0400
Processing by ItemsController#search as HTML
  Rendering items/search.html.erb within layouts/application
  Rendered items/_index.html.erb (Duration: 0.1ms | Allocations: 6)
  Rendered items/search.html.erb within layouts/application (Duration: 2.6ms | Allocations: 302)
[Webpacker] Everything's up-to-date. Nothing to do
Completed 200 OK in 44ms (Views: 42.5ms | ActiveRecord: 0.0ms | Allocations: 4544)


Started GET "/items/search" for 127.0.0.1 at 2020-03-12 16:34:22 -0400
Processing by ItemsController#search as HTML
  Rendering items/search.html.erb within layouts/application
  Rendered items/_index.html.erb (Duration: 0.1ms | Allocations: 6)
  Rendered items/search.html.erb within layouts/application (Duration: 0.8ms | Allocations: 295)
[Webpacker] Everything's up-to-date. Nothing to do
Completed 200 OK in 13ms (Views: 11.6ms | ActiveRecord: 0.0ms | Allocations: 4347)


Started GET "/items/do_search?title=red&match_no_match=match&commit=Search" for 127.0.0.1 at 2020-03-12 16:34:25 -0400
Processing by ItemsController#do_search as HTML
  Parameters: {"title"=>"red", "match_no_match"=>"match", "commit"=>"Search"}
  Rendering items/search.html.erb within layouts/application
  [1m[36mItem Load (238.8ms)[0m  [1m[34mSELECT "items".* FROM "items" WHERE (title LIKE '%red%')[0m
  ↳ app/views/items/_index.html.erb:13
  Rendered items/_index.html.erb (Duration: 918.4ms | Allocations: 6129)
  Rendered items/search.html.erb within layouts/application (Duration: 923.0ms | Allocations: 6418)
[Webpacker] Everything's up-to-date. Nothing to do
Completed 200 OK in 960ms (Views: 443.7ms | ActiveRecord: 511.8ms | Allocations: 11536)


Started GET "/items/search" for 127.0.0.1 at 2020-03-12 16:38:47 -0400
Processing by ItemsController#search as HTML
  Rendering items/search.html.erb within layouts/application
  Rendered items/_index.html.erb (Duration: 0.0ms | Allocations: 6)
  Rendered items/search.html.erb within layouts/application (Duration: 1.5ms | Allocations: 295)
[Webpacker] Everything's up-to-date. Nothing to do
Completed 200 OK in 257ms (Views: 255.1ms | ActiveRecord: 0.0ms | Allocations: 4357)


Started GET "/" for 127.0.0.1 at 2020-03-12 16:40:00 -0400
Processing by ItemsController#index as HTML
  Rendering items/index.html.erb within layouts/application
  [1m[36mItem Load (588.3ms)[0m  [1m[34mSELECT "items".* FROM "items"[0m
  ↳ app/views/items/_index.html.erb:13
  Rendered items/_index.html.erb (Duration: 710.5ms | Allocations: 7352)
  Rendered items/index.html.erb within layouts/application (Duration: 711.2ms | Allocations: 7485)
[Webpacker] Everything's up-to-date. Nothing to do
Completed 200 OK in 822ms (Views: 222.0ms | ActiveRecord: 588.3ms | Allocations: 11547)


Started GET "/items/search" for 127.0.0.1 at 2020-03-12 16:41:00 -0400
Processing by ItemsController#search as HTML
  Rendering items/search.html.erb within layouts/application
  Rendered items/_index.html.erb (Duration: 0.1ms | Allocations: 6)
  Rendered items/search.html.erb within layouts/application (Duration: 1.2ms | Allocations: 295)
[Webpacker] Everything's up-to-date. Nothing to do
Completed 200 OK in 50ms (Views: 43.3ms | ActiveRecord: 0.0ms | Allocations: 4365)


Started GET "/items/search" for 127.0.0.1 at 2020-03-12 16:42:21 -0400
Processing by ItemsController#search as HTML
  Rendering items/search.html.erb within layouts/application
  Rendered items/_index.html.erb (Duration: 0.5ms | Allocations: 291)
  Rendered items/search.html.erb within layouts/application (Duration: 2.2ms | Allocations: 950)
[Webpacker] Everything's up-to-date. Nothing to do
Completed 200 OK in 205ms (Views: 202.8ms | ActiveRecord: 0.0ms | Allocations: 5734)


Started GET "/items/search" for 127.0.0.1 at 2020-03-12 16:42:41 -0400
Processing by ItemsController#search as HTML
  Rendering items/search.html.erb within layouts/application
  Rendered items/_index.html.erb (Duration: 0.1ms | Allocations: 6)
  Rendered items/search.html.erb within layouts/application (Duration: 17.7ms | Allocations: 302)
[Webpacker] Everything's up-to-date. Nothing to do
Completed 200 OK in 206ms (Views: 204.3ms | ActiveRecord: 0.0ms | Allocations: 4524)


Started GET "/items/search" for 127.0.0.1 at 2020-03-12 16:43:27 -0400
Processing by ItemsController#search as HTML
  Rendering items/search.html.erb within layouts/application
  Rendered items/_index.html.erb (Duration: 0.6ms | Allocations: 288)
  Rendered items/search.html.erb within layouts/application (Duration: 2.5ms | Allocations: 941)
[Webpacker] Everything's up-to-date. Nothing to do
Completed 200 OK in 71ms (Views: 54.8ms | ActiveRecord: 0.0ms | Allocations: 5722)


Started GET "/items/search" for 127.0.0.1 at 2020-03-12 16:45:36 -0400
Processing by ItemsController#search as HTML
  Rendering items/search.html.erb within layouts/application
  Rendered items/_index.html.erb (Duration: 0.5ms | Allocations: 288)
  Rendered items/search.html.erb within layouts/application (Duration: 6.6ms | Allocations: 947)
[Webpacker] Everything's up-to-date. Nothing to do
Completed 200 OK in 16ms (Views: 15.4ms | ActiveRecord: 0.0ms | Allocations: 5729)


Started GET "/items/search" for 127.0.0.1 at 2020-03-12 16:45:41 -0400
Processing by ItemsController#search as HTML
  Rendering items/search.html.erb within layouts/application
  Rendered items/_index.html.erb (Duration: 0.3ms | Allocations: 6)
  Rendered items/search.html.erb within layouts/application (Duration: 8.6ms | Allocations: 300)
[Webpacker] Everything's up-to-date. Nothing to do
Completed 200 OK in 229ms (Views: 51.3ms | ActiveRecord: 0.0ms | Allocations: 4357)


Started GET "/items/do_search?title=foo&match_no_match=match&commit=Search" for 127.0.0.1 at 2020-03-12 16:47:25 -0400
Processing by ItemsController#do_search as HTML
  Parameters: {"title"=>"foo", "match_no_match"=>"match", "commit"=>"Search"}
  Rendering items/search.html.erb within layouts/application
  [1m[36mItem Load (231.0ms)[0m  [1m[34mSELECT "items".* FROM "items" WHERE (title LIKE '%foo%')[0m
  ↳ app/views/items/_index.html.erb:16
  Rendered items/_index.html.erb (Duration: 287.9ms | Allocations: 1084)
  Rendered items/search.html.erb within layouts/application (Duration: 292.4ms | Allocations: 1373)
[Webpacker] Everything's up-to-date. Nothing to do
Completed 200 OK in 343ms (Views: 51.7ms | ActiveRecord: 256.2ms | Allocations: 8028)


